#
# There is insufficient memory for the Java Runtime Environment to continue.
# Native memory allocation (malloc) failed to allocate 262160 bytes for Chunk::new
# Possible reasons:
#   The system is out of physical RAM or swap space
#   In 32 bit mode, the process size limit was hit
# Possible solutions:
#   Reduce memory load on the system
#   Increase physical memory or swap space
#   Check if swap backing store is full
#   Use 64 bit Java on a 64 bit OS
#   Decrease Java heap size (-Xmx/-Xms)
#   Decrease number of Java threads
#   Decrease Java thread stack sizes (-Xss)
#   Set larger code cache with -XX:ReservedCodeCacheSize=
# This output file may be truncated or incomplete.
#
#  Out of Memory Error (allocation.cpp:390), pid=7804, tid=0x0000000000001230
#
# JRE version: Java(TM) SE Runtime Environment (8.0_121-b13) (build 1.8.0_121-b13)
# Java VM: Java HotSpot(TM) 64-Bit Server VM (25.121-b13 mixed mode windows-amd64 compressed oops)
# Failed to write core dump. Minidumps are not enabled by default on client versions of Windows
#

---------------  T H R E A D  ---------------

Current thread (0x0000000014da0000):  JavaThread "C2 CompilerThread1" daemon [_thread_in_native, id=4656, stack(0x00000000164f0000,0x00000000165f0000)]

Stack: [0x00000000164f0000,0x00000000165f0000]
[error occurred during error reporting (printing stack bounds), id 0xc0000005]

Native frames: (J=compiled Java code, j=interpreted, Vv=VM code, C=native code)


Current CompileTask:
C2:  15173 1410   !   4       com.android.dx.cf.code.BytecodeArray::parseInstruction (2764 bytes)


---------------  P R O C E S S  ---------------

Java Threads: ( => current thread )
  0x00000000166f2000 JavaThread "Service Thread" daemon [_thread_blocked, id=5400, stack(0x0000000016af0000,0x0000000016bf0000)]
  0x0000000014dfb000 JavaThread "C1 CompilerThread2" daemon [_thread_in_native, id=5092, stack(0x00000000165f0000,0x00000000166f0000)]
=>0x0000000014da0000 JavaThread "C2 CompilerThread1" daemon [_thread_in_native, id=4656, stack(0x00000000164f0000,0x00000000165f0000)]
  0x0000000014d9d000 JavaThread "C2 CompilerThread0" daemon [_thread_in_native, id=7508, stack(0x00000000163f0000,0x00000000164f0000)]
  0x0000000014d9b000 JavaThread "Attach Listener" daemon [_thread_blocked, id=5736, stack(0x00000000162f0000,0x00000000163f0000)]
  0x0000000014d99800 JavaThread "Signal Dispatcher" daemon [_thread_blocked, id=6172, stack(0x00000000161f0000,0x00000000162f0000)]
  0x00000000026ca000 JavaThread "Finalizer" daemon [_thread_blocked, id=5196, stack(0x0000000016010000,0x0000000016110000)]
  0x00000000026c1000 JavaThread "Reference Handler" daemon [_thread_blocked, id=1412, stack(0x0000000015f10000,0x0000000016010000)]
  0x00000000025d1000 JavaThread "main" [_thread_in_Java, id=7572, stack(0x0000000002400000,0x0000000002500000)]

Other Threads:
  0x0000000014d67800 VMThread [stack: 0x0000000015e10000,0x0000000015f10000] [id=652]
  0x000000001670a000 WatcherThread [stack: 0x0000000016bf0000,0x0000000016cf0000] [id=1824]

VM state:not at safepoint (normal execution)

VM Mutex/Monitor currently owned by a thread: None

Heap:
 PSYoungGen      total 35328K, used 15967K [0x00000000eab00000, 0x00000000ed000000, 0x0000000100000000)
  eden space 32768K, 40% used [0x00000000eab00000,0x00000000eb8198c0,0x00000000ecb00000)
  from space 2560K, 99% used [0x00000000ecb00000,0x00000000ecd7e598,0x00000000ecd80000)
  to   space 2560K, 0% used [0x00000000ecd80000,0x00000000ecd80000,0x00000000ed000000)
 ParOldGen       total 44032K, used 8998K [0x00000000c0000000, 0x00000000c2b00000, 0x00000000eab00000)
  object space 44032K, 20% used [0x00000000c0000000,0x00000000c08c98d0,0x00000000c2b00000)
 Metaspace       used 6360K, capacity 7128K, committed 7424K, reserved 1056768K
  class space    used 632K, capacity 656K, committed 768K, reserved 1048576K

Card table byte_map: [0x0000000011a90000,0x0000000011ca0000] byte_map_base: 0x0000000011490000

Marking Bits: (ParMarkBitMap*) 0x00000000773eb6d0
 Begin Bits: [0x0000000012200000, 0x0000000013200000)
 End Bits:   [0x0000000013200000, 0x0000000014200000)

Polling page: 0x0000000000b70000

CodeCache: size=245760Kb used=5924Kb max_used=5924Kb free=239835Kb
 bounds [0x00000000026d0000, 0x0000000002ca0000, 0x00000000116d0000]
 total_blobs=1694 nmethods=1426 adapters=181
 compilation: enabled

Compilation events (10 events):
Event: 14.358 Thread 0x0000000014dfb000 nmethod 1430 0x0000000002c90310 code [0x0000000002c90560, 0x0000000002c912d8]
Event: 14.360 Thread 0x0000000014dfb000 1431       3       com.android.dx.rop.code.BasicBlockList$RegCountVisitor::visitThrowingInsn (6 bytes)
Event: 14.360 Thread 0x0000000014dfb000 nmethod 1431 0x0000000002c87710 code [0x0000000002c87880, 0x0000000002c87a08]
Event: 14.362 Thread 0x0000000014dfb000 1432       3       com.android.dx.dex.file.AnnotationUtils::makeSignature (251 bytes)
Event: 14.366 Thread 0x0000000014dfb000 nmethod 1432 0x0000000002c91a90 code [0x0000000002c91ee0, 0x0000000002c94948]
Event: 14.366 Thread 0x0000000014dfb000 1433       3       com.android.dx.rop.type.Type::asUninitialized (140 bytes)
Event: 14.368 Thread 0x0000000014dfb000 nmethod 1433 0x0000000002c96810 code [0x0000000002c96b80, 0x0000000002c989e8]
Event: 14.368 Thread 0x0000000014dfb000 1435       3       com.android.dx.cf.code.ExecutionStack::makeInitialized (51 bytes)
Event: 14.369 Thread 0x0000000014dfb000 nmethod 1435 0x0000000002c99890 code [0x0000000002c99a40, 0x0000000002c9a0d8]
Event: 14.371 Thread 0x0000000014dfb000 1436       3       com.android.dx.cf.code.OneLocalsArray::set (10 bytes)

GC Heap History (4 events):
Event: 10.247 GC heap before
{Heap before GC invocations=1 (full 0):
 PSYoungGen      total 18944K, used 16384K [0x00000000eab00000, 0x00000000ec000000, 0x0000000100000000)
  eden space 16384K, 100% used [0x00000000eab00000,0x00000000ebb00000,0x00000000ebb00000)
  from space 2560K, 0% used [0x00000000ebd80000,0x00000000ebd80000,0x00000000ec000000)
  to   space 2560K, 0% used [0x00000000ebb00000,0x00000000ebb00000,0x00000000ebd80000)
 ParOldGen       total 44032K, used 0K [0x00000000c0000000, 0x00000000c2b00000, 0x00000000eab00000)
  object space 44032K, 0% used [0x00000000c0000000,0x00000000c0000000,0x00000000c2b00000)
 Metaspace       used 5900K, capacity 6744K, committed 6912K, reserved 1056768K
  class space    used 613K, capacity 656K, committed 768K, reserved 1048576K
Event: 10.485 GC heap after
Heap after GC invocations=1 (full 0):
 PSYoungGen      total 18944K, used 2544K [0x00000000eab00000, 0x00000000ed000000, 0x0000000100000000)
  eden space 16384K, 0% used [0x00000000eab00000,0x00000000eab00000,0x00000000ebb00000)
  from space 2560K, 99% used [0x00000000ebb00000,0x00000000ebd7c1e8,0x00000000ebd80000)
  to   space 2560K, 0% used [0x00000000ecd80000,0x00000000ecd80000,0x00000000ed000000)
 ParOldGen       total 44032K, used 1715K [0x00000000c0000000, 0x00000000c2b00000, 0x00000000eab00000)
  object space 44032K, 3% used [0x00000000c0000000,0x00000000c01ace60,0x00000000c2b00000)
 Metaspace       used 5900K, capacity 6744K, committed 6912K, reserved 1056768K
  class space    used 613K, capacity 656K, committed 768K, reserved 1048576K
}
Event: 14.099 GC heap before
{Heap before GC invocations=2 (full 0):
 PSYoungGen      total 18944K, used 18928K [0x00000000eab00000, 0x00000000ed000000, 0x0000000100000000)
  eden space 16384K, 100% used [0x00000000eab00000,0x00000000ebb00000,0x00000000ebb00000)
  from space 2560K, 99% used [0x00000000ebb00000,0x00000000ebd7c1e8,0x00000000ebd80000)
  to   space 2560K, 0% used [0x00000000ecd80000,0x00000000ecd80000,0x00000000ed000000)
 ParOldGen       total 44032K, used 1715K [0x00000000c0000000, 0x00000000c2b00000, 0x00000000eab00000)
  object space 44032K, 3% used [0x00000000c0000000,0x00000000c01ace60,0x00000000c2b00000)
 Metaspace       used 6095K, capacity 6936K, committed 7168K, reserved 1056768K
  class space    used 613K, capacity 656K, committed 768K, reserved 1048576K
Event: 14.114 GC heap after
Heap after GC invocations=2 (full 0):
 PSYoungGen      total 35328K, used 2551K [0x00000000eab00000, 0x00000000ed000000, 0x0000000100000000)
  eden space 32768K, 0% used [0x00000000eab00000,0x00000000eab00000,0x00000000ecb00000)
  from space 2560K, 99% used [0x00000000ecd80000,0x00000000ecffdc88,0x00000000ed000000)
  to   space 2560K, 0% used [0x00000000ecb00000,0x00000000ecb00000,0x00000000ecd80000)
 ParOldGen       total 44032K, used 4048K [0x00000000c0000000, 0x00000000c2b00000, 0x00000000eab00000)
  object space 44032K, 9% used [0x00000000c0000000,0x00000000c03f4290,0x00000000c2b00000)
 Metaspace       used 6095K, capacity 6936K, committed 7168K, reserved 1056768K
  class space    used 613K, capacity 656K, committed 768K, reserved 1048576K
}

Deoptimization events (10 events):
Event: 14.121 Thread 0x0000000016a26000 Uncommon trap: reason=unstable_if action=reinterpret pc=0x0000000002b59e0c method=com.android.dx.ssa.SCCP.simulateBranch(Lcom/android/dx/ssa/SsaInsn;)V @ 118
Event: 14.213 Thread 0x0000000016a26000 Uncommon trap: reason=bimorphic action=maybe_recompile pc=0x0000000002b39e70 method=com.android.dx.cf.code.BytecodeArray.parseInstruction(ILcom/android/dx/cf/code/BytecodeArray$Visitor;)I @ 2281
Event: 14.213 Thread 0x0000000016a26000 Uncommon trap: reason=bimorphic action=maybe_recompile pc=0x0000000002b39e70 method=com.android.dx.cf.code.BytecodeArray.parseInstruction(ILcom/android/dx/cf/code/BytecodeArray$Visitor;)I @ 2281
Event: 14.236 Thread 0x0000000016943000 Uncommon trap: reason=bimorphic action=maybe_recompile pc=0x0000000002b3a104 method=com.android.dx.cf.code.BytecodeArray.parseInstruction(ILcom/android/dx/cf/code/BytecodeArray$Visitor;)I @ 2484
Event: 14.236 Thread 0x0000000016943000 Uncommon trap: reason=bimorphic action=maybe_recompile pc=0x0000000002b3a104 method=com.android.dx.cf.code.BytecodeArray.parseInstruction(ILcom/android/dx/cf/code/BytecodeArray$Visitor;)I @ 2484
Event: 14.255 Thread 0x0000000016a27000 Uncommon trap: reason=unstable_if action=reinterpret pc=0x0000000002bccccc method=com.android.dx.ssa.MoveParamCombiner$1.visitNonMoveInsn(Lcom/android/dx/ssa/NormalSsaInsn;)V @ 27
Event: 14.265 Thread 0x0000000016a27000 Uncommon trap: reason=unstable_if action=reinterpret pc=0x0000000002ab643c method=com.android.dx.util.IntList.binarysearch(I)I @ 105
Event: 14.344 Thread 0x0000000016943000 Uncommon trap: reason=unstable_if action=reinterpret pc=0x0000000002b21228 method=com.android.dx.ssa.SCCP.simulateStmt(Lcom/android/dx/ssa/SsaInsn;)V @ 59
Event: 14.346 Thread 0x0000000016943000 Uncommon trap: reason=bimorphic action=maybe_recompile pc=0x0000000002bcff08 method=com.android.dx.ssa.LiteralOpUpgrader.tryReplacingWithConstant(Lcom/android/dx/ssa/NormalSsaInsn;)Z @ 62
Event: 14.346 Thread 0x0000000016943000 Uncommon trap: reason=unstable_if action=reinterpret pc=0x0000000002ac0c9c method=com.android.dx.ssa.SsaMethod.updateOneDefinition(Lcom/android/dx/ssa/SsaInsn;Lcom/android/dx/rop/code/RegisterSpec;)V @ 4

Internal exceptions (2 events):
Event: 0.136 Thread 0x00000000025d1000 Exception <a 'java/lang/NoSuchMethodError': Method sun.misc.Unsafe.defineClass(Ljava/lang/String;[BII)Ljava/lang/Class; name or signature does not match> (0x00000000eab07ca8) thrown at [C:\re\workspace\8-2-build-windows-amd64-cygwin\jdk8u121\8372\hotspot\
Event: 0.136 Thread 0x00000000025d1000 Exception <a 'java/lang/NoSuchMethodError': Method sun.misc.Unsafe.prefetchRead(Ljava/lang/Object;J)V name or signature does not match> (0x00000000eab07f90) thrown at [C:\re\workspace\8-2-build-windows-amd64-cygwin\jdk8u121\8372\hotspot\src\share\vm\prims

Events (10 events):
Event: 14.265 Thread 0x0000000016a27000 DEOPT UNPACKING pc=0x000000000271582a sp=0x00000000171ee678 mode 2
Event: 14.344 Thread 0x0000000016943000 Uncommon trap: trap_request=0xffffff65 fr.pc=0x0000000002b21228
Event: 14.344 Thread 0x0000000016943000 DEOPT PACKING pc=0x0000000002b21228 sp=0x0000000016deeac0
Event: 14.344 Thread 0x0000000016943000 DEOPT UNPACKING pc=0x000000000271582a sp=0x0000000016deea88 mode 2
Event: 14.346 Thread 0x0000000016943000 Uncommon trap: trap_request=0xffffffc6 fr.pc=0x0000000002bcff08
Event: 14.346 Thread 0x0000000016943000 DEOPT PACKING pc=0x0000000002bcff08 sp=0x0000000016deeb60
Event: 14.346 Thread 0x0000000016943000 DEOPT UNPACKING pc=0x000000000271582a sp=0x0000000016deea38 mode 2
Event: 14.346 Thread 0x0000000016943000 Uncommon trap: trap_request=0xffffff65 fr.pc=0x0000000002ac0c9c
Event: 14.346 Thread 0x0000000016943000 DEOPT PACKING pc=0x0000000002ac0c9c sp=0x0000000016dee910
Event: 14.346 Thread 0x0000000016943000 DEOPT UNPACKING pc=0x000000000271582a sp=0x0000000016dee8b8 mode 2


Dynamic libraries:
0x00007ff74caa0000 - 0x00007ff74cad7000 	C:\Program Files\Java\jdk1.8.0_121\bin\java.exe
0x00007ffb19c50000 - 0x00007ffb19e12000 	C:\Windows\SYSTEM32\ntdll.dll
0x00007ffb17320000 - 0x00007ffb173cd000 	C:\Windows\system32\KERNEL32.DLL
0x00007ffb16a50000 - 0x00007ffb16c2d000 	C:\Windows\system32\KERNELBASE.dll
0x00007ffb19230000 - 0x00007ffb192d6000 	C:\Windows\system32\ADVAPI32.dll
0x00007ffb19190000 - 0x00007ffb1922d000 	C:\Windows\system32\msvcrt.dll
0x00007ffb18b30000 - 0x00007ffb18b8b000 	C:\Windows\system32\sechost.dll
0x00007ffb19b20000 - 0x00007ffb19c46000 	C:\Windows\system32\RPCRT4.dll
0x00007ffb196d0000 - 0x00007ffb1981e000 	C:\Windows\system32\USER32.dll
0x00007ffb19450000 - 0x00007ffb195d5000 	C:\Windows\system32\GDI32.dll
0x00007ffb12530000 - 0x00007ffb127a4000 	C:\Windows\WinSxS\amd64_microsoft.windows.common-controls_6595b64144ccf1df_6.0.10240.16384_none_f41f7b285750ef43\COMCTL32.dll
0x00007ffb195e0000 - 0x00007ffb19616000 	C:\Windows\system32\IMM32.DLL
0x00007ffb192e0000 - 0x00007ffb1943c000 	C:\Windows\system32\MSCTF.dll
0x00007ffb16460000 - 0x00007ffb16491000 	C:\Windows\system32\nvinitx.dll
0x00007ffb16450000 - 0x00007ffb1645a000 	C:\Windows\SYSTEM32\VERSION.dll
0x00000000504d0000 - 0x00000000504d6000 	C:\Program Files\NVIDIA Corporation\CoProcManager\_etoured.dll
0x00007ffb14c50000 - 0x00007ffb14c83000 	C:\Program Files\NVIDIA Corporation\CoProcManager\nvd3d9wrapx.dll
0x00007ffb18b90000 - 0x00007ffb18d55000 	C:\Windows\system32\SETUPAPI.dll
0x00007ffb16830000 - 0x00007ffb16874000 	C:\Windows\system32\CFGMGR32.dll
0x00007ffb134a0000 - 0x00007ffb134c2000 	C:\Program Files\NVIDIA Corporation\CoProcManager\nvdxgiwrapx.dll
0x0000000075e10000 - 0x0000000075ee2000 	C:\Program Files\Java\jdk1.8.0_121\jre\bin\msvcr100.dll
0x0000000076bd0000 - 0x000000007746b000 	C:\Program Files\Java\jdk1.8.0_121\jre\bin\server\jvm.dll
0x00007ffb19820000 - 0x00007ffb19828000 	C:\Windows\system32\PSAPI.DLL
0x00007ffb06fa0000 - 0x00007ffb06fa9000 	C:\Windows\SYSTEM32\WSOCK32.dll
0x00007ffb18910000 - 0x00007ffb18979000 	C:\Windows\system32\WS2_32.dll
0x00007ffb19440000 - 0x00007ffb19448000 	C:\Windows\system32\NSI.dll
0x00007ffb129c0000 - 0x00007ffb129e3000 	C:\Windows\SYSTEM32\WINMM.dll
0x00007ffb127e0000 - 0x00007ffb1280c000 	C:\Windows\SYSTEM32\WINMMBASE.dll
0x00007ffb14f00000 - 0x00007ffb14f27000 	C:\Windows\SYSTEM32\DEVOBJ.dll
0x0000000050240000 - 0x000000005024f000 	C:\Program Files\Java\jdk1.8.0_121\jre\bin\verify.dll
0x0000000050210000 - 0x0000000050239000 	C:\Program Files\Java\jdk1.8.0_121\jre\bin\java.dll
0x00000000501f0000 - 0x0000000050206000 	C:\Program Files\Java\jdk1.8.0_121\jre\bin\zip.dll
0x00007ffb173d0000 - 0x00007ffb188f5000 	C:\Windows\system32\SHELL32.dll
0x00007ffb16c30000 - 0x00007ffb17258000 	C:\Windows\system32\windows.storage.dll
0x00007ffb18f10000 - 0x00007ffb1918c000 	C:\Windows\system32\combase.dll
0x00007ffb18ad0000 - 0x00007ffb18b21000 	C:\Windows\system32\shlwapi.dll
0x00007ffb16710000 - 0x00007ffb1671f000 	C:\Windows\system32\kernel.appcore.dll
0x00007ffb17260000 - 0x00007ffb17313000 	C:\Windows\system32\shcore.dll
0x00007ffb16680000 - 0x00007ffb166ca000 	C:\Windows\system32\powrprof.dll
0x00007ffb166f0000 - 0x00007ffb16703000 	C:\Windows\system32\profapi.dll

VM Arguments:
jvm_args: -Djava.awt.headless=true -Xmx1024M -Dfile.encoding=windows-1252 -Duser.country=US -Duser.language=en -Duser.variant 
java_command: com.android.dx.command.Main --dex --num-threads=4 --output G:\Freelance\CompanyProfile\app\build\intermediates\pre-dexed\debug\com.google.firebase-firebase-database-connection-10.0.1_4e808dbe66a849f24bcaf368b8a1c1bf8661bee7.jar G:\Freelance\CompanyProfile\app\build\intermediates\exploded-aar\com.google.firebase\firebase-database-connection\10.0.1\jars\classes.jar
java_class_path (initial): G:\andorid\android-sdk\build-tools\25.0.1\lib\dx.jar
Launcher Type: SUN_STANDARD

Environment Variables:
JAVA_HOME=C:\Program Files\Java\jdk1.8.0_121
PATH=C:\ProgramData\Oracle\Java\javapath;C:\Program Files\Java\jdk1.8.0_31\bin;C:\Program Files\Java\jdk1.8.0_31\lib\tools.jar;C:\Windows\System32;C:\Program Files\nodejs\;C:\Program Files\Git\cmd;C:\Program Files\Git\mingw64\bin;C:\Program Files\Git\usr\bin;C:\Program Files (x86)\Common Files\lenovo\easyplussdk\bin;F:\pro\mat\runtime\win64;F:\pro\mat\bin;C:\Users\m7mD\AppData\Roaming\npm
USERNAME=m7mD
OS=Windows_NT
PROCESSOR_IDENTIFIER=Intel64 Family 6 Model 42 Stepping 7, GenuineIntel



---------------  S Y S T E M  ---------------

OS: Windows 10.0 , 64 bit Build 10240 (10.0.10240.16384)

CPU:total 4 (2 cores per cpu, 2 threads per core) family 6 model 42 stepping 7, cmov, cx8, fxsr, mmx, sse, sse2, sse3, ssse3, sse4.1, sse4.2, popcnt, avx, aes, clmul, ht, tsc, tscinvbit

Memory: 4k page, physical 4099244k(77892k free), swap 6314428k(3616k free)

vm_info: Java HotSpot(TM) 64-Bit Server VM (25.121-b13) for windows-amd64 JRE (1.8.0_121-b13), built on Dec 12 2016 18:21:36 by "java_re" with MS VC++ 10.0 (VS2010)

time: Tue Nov 28 23:56:00 2017
elapsed time: 15 seconds (0d 0h 0m 15s)

