#
# There is insufficient memory for the Java Runtime Environment to continue.
# Native memory allocation (malloc) failed to allocate 32744 bytes for ChunkPool::allocate
# Possible reasons:
#   The system is out of physical RAM or swap space
#   In 32 bit mode, the process size limit was hit
# Possible solutions:
#   Reduce memory load on the system
#   Increase physical memory or swap space
#   Check if swap backing store is full
#   Use 64 bit Java on a 64 bit OS
#   Decrease Java heap size (-Xmx/-Xms)
#   Decrease number of Java threads
#   Decrease Java thread stack sizes (-Xss)
#   Set larger code cache with -XX:ReservedCodeCacheSize=
# This output file may be truncated or incomplete.
#
#  Out of Memory Error (allocation.cpp:273), pid=7368, tid=0x0000000000001d8c
#
# JRE version: Java(TM) SE Runtime Environment (8.0_121-b13) (build 1.8.0_121-b13)
# Java VM: Java HotSpot(TM) 64-Bit Server VM (25.121-b13 mixed mode windows-amd64 compressed oops)
# Failed to write core dump. Minidumps are not enabled by default on client versions of Windows
#

---------------  T H R E A D  ---------------

Current thread (0x000000001585e000):  JavaThread "C1 CompilerThread2" daemon [_thread_in_vm, id=7564, stack(0x0000000017440000,0x0000000017540000)]

Stack: [0x0000000017440000,0x0000000017540000]
[error occurred during error reporting (printing stack bounds), id 0xc0000005]

Native frames: (J=compiled Java code, j=interpreted, Vv=VM code, C=native code)


Current CompileTask:
C1:  15069 1623       3       com.android.dx.ssa.back.FirstFitLocalCombiningAllocator::markReserved (13 bytes)


---------------  P R O C E S S  ---------------

Java Threads: ( => current thread )
  0x0000000017299800 JavaThread "pool-1-thread-4" [_thread_blocked, id=7972, stack(0x0000000017b40000,0x0000000017c40000)]
  0x0000000017298800 JavaThread "pool-1-thread-3" [_thread_blocked, id=2804, stack(0x0000000017a40000,0x0000000017b40000)]
  0x0000000017297000 JavaThread "pool-1-thread-2" [_thread_blocked, id=7688, stack(0x0000000017940000,0x0000000017a40000)]
  0x0000000017295800 JavaThread "pool-2-thread-1" [_thread_blocked, id=7656, stack(0x0000000017840000,0x0000000017940000)]
  0x0000000017292800 JavaThread "pool-1-thread-1" [_thread_blocked, id=7640, stack(0x0000000017740000,0x0000000017840000)]
  0x0000000017044800 JavaThread "Service Thread" daemon [_thread_blocked, id=5916, stack(0x0000000017540000,0x0000000017640000)]
=>0x000000001585e000 JavaThread "C1 CompilerThread2" daemon [_thread_in_vm, id=7564, stack(0x0000000017440000,0x0000000017540000)]
  0x0000000015800000 JavaThread "C2 CompilerThread1" daemon [_thread_in_native, id=7144, stack(0x0000000016f40000,0x0000000017040000)]
  0x00000000157fd000 JavaThread "C2 CompilerThread0" daemon [_thread_blocked, id=7400, stack(0x0000000016e40000,0x0000000016f40000)]
  0x00000000157fb000 JavaThread "Attach Listener" daemon [_thread_blocked, id=3144, stack(0x0000000016d40000,0x0000000016e40000)]
  0x00000000157f9800 JavaThread "Signal Dispatcher" daemon [_thread_blocked, id=2676, stack(0x0000000016c40000,0x0000000016d40000)]
  0x000000000312a000 JavaThread "Finalizer" daemon [_thread_blocked, id=1248, stack(0x0000000016a60000,0x0000000016b60000)]
  0x0000000003121000 JavaThread "Reference Handler" daemon [_thread_blocked, id=7316, stack(0x0000000016960000,0x0000000016a60000)]
  0x0000000003031000 JavaThread "main" [_thread_blocked, id=7696, stack(0x0000000002f30000,0x0000000003030000)]

Other Threads:
  0x00000000157c7800 VMThread [stack: 0x0000000016860000,0x0000000016960000] [id=7464]
  0x0000000017052000 WatcherThread [stack: 0x0000000017640000,0x0000000017740000] [id=936]

VM state:synchronizing (normal execution)

VM Mutex/Monitor currently owned by a thread:  ([mutex/lock_event])
[0x0000000002f2ca60] Threads_lock - owner thread: 0x00000000157c7800
[0x0000000002f2c360] Heap_lock - owner thread: 0x0000000017298800

Heap:
 PSYoungGen      total 35328K, used 35304K [0x00000000eab00000, 0x00000000ed000000, 0x0000000100000000)
  eden space 32768K, 100% used [0x00000000eab00000,0x00000000ecb00000,0x00000000ecb00000)
  from space 2560K, 99% used [0x00000000ecd80000,0x00000000ecffa2c0,0x00000000ed000000)
  to   space 2560K, 0% used [0x00000000ecb00000,0x00000000ecb00000,0x00000000ecd80000)
 ParOldGen       total 44032K, used 8225K [0x00000000c0000000, 0x00000000c2b00000, 0x00000000eab00000)
  object space 44032K, 18% used [0x00000000c0000000,0x00000000c0808440,0x00000000c2b00000)
 Metaspace       used 6375K, capacity 7128K, committed 7424K, reserved 1056768K
  class space    used 623K, capacity 656K, committed 768K, reserved 1048576K

Card table byte_map: [0x00000000124f0000,0x0000000012700000] byte_map_base: 0x0000000011ef0000

Marking Bits: (ParMarkBitMap*) 0x00000000773eb6d0
 Begin Bits: [0x0000000012c60000, 0x0000000013c60000)
 End Bits:   [0x0000000013c60000, 0x0000000014c60000)

Polling page: 0x0000000001540000

CodeCache: size=245760Kb used=6845Kb max_used=6868Kb free=238914Kb
 bounds [0x0000000003130000, 0x00000000037f0000, 0x0000000012130000]
 total_blobs=1870 nmethods=1601 adapters=182
 compilation: enabled

Compilation events (10 events):
Event: 13.512 Thread 0x00000000157fd000 1609       4       com.android.dx.cf.code.ByteBlock::<init> (181 bytes)
Event: 13.517 Thread 0x00000000157fd000 nmethod 1609 0x00000000037d32d0 code [0x00000000037d3420, 0x00000000037d36b8]
Event: 13.518 Thread 0x00000000157fd000 1610       4       com.android.dx.cf.code.BaseMachine::storeResults (90 bytes)
Event: 13.529 Thread 0x00000000157fd000 nmethod 1610 0x00000000037cacd0 code [0x00000000037cae80, 0x00000000037cb508]
Event: 13.530 Thread 0x00000000157fd000 1611       4       com.android.dx.cf.code.RopperMachine::getSources (264 bytes)
Event: 13.541 Thread 0x000000001585e000 1613       3       com.android.dx.cf.code.ExecutionStack::makeInitialized (51 bytes)
Event: 13.541 Thread 0x000000001585e000 nmethod 1613 0x00000000037bd7d0 code [0x00000000037bd980, 0x00000000037be018]
Event: 13.555 Thread 0x00000000157fd000 nmethod 1611 0x00000000037dc250 code [0x00000000037dc440, 0x00000000037dcef8]
Event: 13.555 Thread 0x00000000157fd000 1612   !   4       com.android.dx.cf.code.RopperMachine::run (1550 bytes)
Event: 13.837 Thread 0x000000001585e000 1623       3       com.android.dx.ssa.back.FirstFitLocalCombiningAllocator::markReserved (13 bytes)

GC Heap History (8 events):
Event: 1.239 GC heap before
{Heap before GC invocations=1 (full 0):
 PSYoungGen      total 18944K, used 16384K [0x00000000eab00000, 0x00000000ec000000, 0x0000000100000000)
  eden space 16384K, 100% used [0x00000000eab00000,0x00000000ebb00000,0x00000000ebb00000)
  from space 2560K, 0% used [0x00000000ebd80000,0x00000000ebd80000,0x00000000ec000000)
  to   space 2560K, 0% used [0x00000000ebb00000,0x00000000ebb00000,0x00000000ebd80000)
 ParOldGen       total 44032K, used 0K [0x00000000c0000000, 0x00000000c2b00000, 0x00000000eab00000)
  object space 44032K, 0% used [0x00000000c0000000,0x00000000c0000000,0x00000000c2b00000)
 Metaspace       used 3761K, capacity 4784K, committed 5120K, reserved 1056768K
  class space    used 417K, capacity 424K, committed 512K, reserved 1048576K
Event: 1.243 GC heap after
Heap after GC invocations=1 (full 0):
 PSYoungGen      total 18944K, used 1204K [0x00000000eab00000, 0x00000000ec000000, 0x0000000100000000)
  eden space 16384K, 0% used [0x00000000eab00000,0x00000000eab00000,0x00000000ebb00000)
  from space 2560K, 47% used [0x00000000ebb00000,0x00000000ebc2d230,0x00000000ebd80000)
  to   space 2560K, 0% used [0x00000000ebd80000,0x00000000ebd80000,0x00000000ec000000)
 ParOldGen       total 44032K, used 8K [0x00000000c0000000, 0x00000000c2b00000, 0x00000000eab00000)
  object space 44032K, 0% used [0x00000000c0000000,0x00000000c0002000,0x00000000c2b00000)
 Metaspace       used 3761K, capacity 4784K, committed 5120K, reserved 1056768K
  class space    used 417K, capacity 424K, committed 512K, reserved 1048576K
}
Event: 10.358 GC heap before
{Heap before GC invocations=2 (full 0):
 PSYoungGen      total 18944K, used 17588K [0x00000000eab00000, 0x00000000ec000000, 0x0000000100000000)
  eden space 16384K, 100% used [0x00000000eab00000,0x00000000ebb00000,0x00000000ebb00000)
  from space 2560K, 47% used [0x00000000ebb00000,0x00000000ebc2d230,0x00000000ebd80000)
  to   space 2560K, 0% used [0x00000000ebd80000,0x00000000ebd80000,0x00000000ec000000)
 ParOldGen       total 44032K, used 8K [0x00000000c0000000, 0x00000000c2b00000, 0x00000000eab00000)
  object space 44032K, 0% used [0x00000000c0000000,0x00000000c0002000,0x00000000c2b00000)
 Metaspace       used 6068K, capacity 6872K, committed 7168K, reserved 1056768K
  class space    used 621K, capacity 656K, committed 768K, reserved 1048576K
Event: 10.704 GC heap after
Heap after GC invocations=2 (full 0):
 PSYoungGen      total 18944K, used 2554K [0x00000000eab00000, 0x00000000ed000000, 0x0000000100000000)
  eden space 16384K, 0% used [0x00000000eab00000,0x00000000eab00000,0x00000000ebb00000)
  from space 2560K, 99% used [0x00000000ebd80000,0x00000000ebffea48,0x00000000ec000000)
  to   space 2560K, 0% used [0x00000000ebb00000,0x00000000ebb00000,0x00000000ebd80000)
 ParOldGen       total 44032K, used 2332K [0x00000000c0000000, 0x00000000c2b00000, 0x00000000eab00000)
  object space 44032K, 5% used [0x00000000c0000000,0x00000000c0247328,0x00000000c2b00000)
 Metaspace       used 6068K, capacity 6872K, committed 7168K, reserved 1056768K
  class space    used 621K, capacity 656K, committed 768K, reserved 1048576K
}
Event: 11.834 GC heap before
{Heap before GC invocations=3 (full 0):
 PSYoungGen      total 18944K, used 18938K [0x00000000eab00000, 0x00000000ed000000, 0x0000000100000000)
  eden space 16384K, 100% used [0x00000000eab00000,0x00000000ebb00000,0x00000000ebb00000)
  from space 2560K, 99% used [0x00000000ebd80000,0x00000000ebffea48,0x00000000ec000000)
  to   space 2560K, 0% used [0x00000000ebb00000,0x00000000ebb00000,0x00000000ebd80000)
 ParOldGen       total 44032K, used 2332K [0x00000000c0000000, 0x00000000c2b00000, 0x00000000eab00000)
  object space 44032K, 5% used [0x00000000c0000000,0x00000000c0247328,0x00000000c2b00000)
 Metaspace       used 6254K, capacity 7064K, committed 7424K, reserved 1056768K
  class space    used 623K, capacity 656K, committed 768K, reserved 1048576K
Event: 12.169 GC heap after
Heap after GC invocations=3 (full 0):
 PSYoungGen      total 18944K, used 2547K [0x00000000eab00000, 0x00000000ed000000, 0x0000000100000000)
  eden space 16384K, 0% used [0x00000000eab00000,0x00000000eab00000,0x00000000ebb00000)
  from space 2560K, 99% used [0x00000000ebb00000,0x00000000ebd7cc90,0x00000000ebd80000)
  to   space 2560K, 0% used [0x00000000ecd80000,0x00000000ecd80000,0x00000000ed000000)
 ParOldGen       total 44032K, used 5185K [0x00000000c0000000, 0x00000000c2b00000, 0x00000000eab00000)
  object space 44032K, 11% used [0x00000000c0000000,0x00000000c05105e0,0x00000000c2b00000)
 Metaspace       used 6254K, capacity 7064K, committed 7424K, reserved 1056768K
  class space    used 623K, capacity 656K, committed 768K, reserved 1048576K
}
Event: 12.652 GC heap before
{Heap before GC invocations=4 (full 0):
 PSYoungGen      total 18944K, used 18931K [0x00000000eab00000, 0x00000000ed000000, 0x0000000100000000)
  eden space 16384K, 100% used [0x00000000eab00000,0x00000000ebb00000,0x00000000ebb00000)
  from space 2560K, 99% used [0x00000000ebb00000,0x00000000ebd7cc90,0x00000000ebd80000)
  to   space 2560K, 0% used [0x00000000ecd80000,0x00000000ecd80000,0x00000000ed000000)
 ParOldGen       total 44032K, used 5185K [0x00000000c0000000, 0x00000000c2b00000, 0x00000000eab00000)
  object space 44032K, 11% used [0x00000000c0000000,0x00000000c05105e0,0x00000000c2b00000)
 Metaspace       used 6337K, capacity 7128K, committed 7424K, reserved 1056768K
  class space    used 623K, capacity 656K, committed 768K, reserved 1048576K
Event: 12.942 GC heap after
Heap after GC invocations=4 (full 0):
 PSYoungGen      total 35328K, used 2536K [0x00000000eab00000, 0x00000000ed000000, 0x0000000100000000)
  eden space 32768K, 0% used [0x00000000eab00000,0x00000000eab00000,0x00000000ecb00000)
  from space 2560K, 99% used [0x00000000ecd80000,0x00000000ecffa2c0,0x00000000ed000000)
  to   space 2560K, 0% used [0x00000000ecb00000,0x00000000ecb00000,0x00000000ecd80000)
 ParOldGen       total 44032K, used 8225K [0x00000000c0000000, 0x00000000c2b00000, 0x00000000eab00000)
  object space 44032K, 18% used [0x00000000c0000000,0x00000000c0808440,0x00000000c2b00000)
 Metaspace       used 6337K, capacity 7128K, committed 7424K, reserved 1056768K
  class space    used 623K, capacity 656K, committed 768K, reserved 1048576K
}

Deoptimization events (10 events):
Event: 12.388 Thread 0x0000000017298800 Uncommon trap: reason=bimorphic action=maybe_recompile pc=0x00000000036c564c method=com.android.dx.cf.code.BytecodeArray.parseInstruction(ILcom/android/dx/cf/code/BytecodeArray$Visitor;)I @ 2484
Event: 12.449 Thread 0x0000000003031000 Uncommon trap: reason=unloaded action=reinterpret pc=0x000000000363a694 method=com.android.dx.cf.cst.ConstantPoolParser.parse0(ILjava/util/BitSet;)Lcom/android/dx/rop/cst/Constant; @ 198
Event: 12.467 Thread 0x0000000017297000 Uncommon trap: reason=unstable_if action=reinterpret pc=0x0000000003468c9c method=com.android.dx.rop.cst.Constant.compareTo(Lcom/android/dx/rop/cst/Constant;)I @ 12
Event: 12.499 Thread 0x0000000003031000 Uncommon trap: reason=unstable_if action=reinterpret pc=0x00000000034f4dec method=com.android.dx.rop.code.RegisterSpecSet.put(Lcom/android/dx/rop/code/RegisterSpec;)V @ 77
Event: 12.499 Thread 0x0000000003031000 Uncommon trap: reason=unstable_if action=reinterpret pc=0x0000000003563fe8 method=com.android.dx.rop.code.RegisterSpecSet.put(Lcom/android/dx/rop/code/RegisterSpec;)V @ 77
Event: 13.213 Thread 0x0000000017298800 Uncommon trap: reason=unstable_if action=reinterpret pc=0x00000000036a9ddc method=com.android.dx.ssa.SCCP.simulateStmt(Lcom/android/dx/ssa/SsaInsn;)V @ 59
Event: 13.244 Thread 0x0000000017297000 Uncommon trap: reason=unstable_if action=reinterpret pc=0x000000000378c84c method=com.android.dx.ssa.LocalVariableExtractor.processBlock(I)V @ 251
Event: 13.272 Thread 0x0000000003031000 Uncommon trap: reason=unstable_if action=reinterpret pc=0x0000000003714fa8 method=com.android.dx.ssa.SCCP.simulateBranch(Lcom/android/dx/ssa/SsaInsn;)V @ 64
Event: 13.273 Thread 0x0000000003031000 Uncommon trap: reason=unstable_if action=reinterpret pc=0x00000000035ec31c method=com.android.dx.ssa.SsaMethod.updateOneDefinition(Lcom/android/dx/ssa/SsaInsn;Lcom/android/dx/rop/code/RegisterSpec;)V @ 4
Event: 13.834 Thread 0x0000000017292800 Uncommon trap: reason=null_check action=make_not_entrant pc=0x0000000003479248 method=com.android.dx.ssa.SsaRenamer.getLocalForNewReg(I)Lcom/android/dx/rop/code/LocalItem; @ 19

Internal exceptions (4 events):
Event: 0.153 Thread 0x0000000003031000 Exception <a 'java/lang/NoSuchMethodError': Method sun.misc.Unsafe.defineClass(Ljava/lang/String;[BII)Ljava/lang/Class; name or signature does not match> (0x00000000eab07ca8) thrown at [C:\re\workspace\8-2-build-windows-amd64-cygwin\jdk8u121\8372\hotspot\
Event: 0.153 Thread 0x0000000003031000 Exception <a 'java/lang/NoSuchMethodError': Method sun.misc.Unsafe.prefetchRead(Ljava/lang/Object;J)V name or signature does not match> (0x00000000eab07f90) thrown at [C:\re\workspace\8-2-build-windows-amd64-cygwin\jdk8u121\8372\hotspot\src\share\vm\prims
Event: 10.198 Thread 0x0000000017298800 Implicit null exception at 0x00000000034cc462 to 0x00000000034cc561
Event: 13.834 Thread 0x0000000017292800 Implicit null exception at 0x00000000034771c2 to 0x0000000003479205

Events (10 events):
Event: 13.272 Thread 0x0000000003031000 DEOPT PACKING pc=0x0000000003714fa8 sp=0x000000000302e440
Event: 13.272 Thread 0x0000000003031000 DEOPT UNPACKING pc=0x000000000317582a sp=0x000000000302e410 mode 2
Event: 13.272 loading class com/android/dx/rop/code/RegOps
Event: 13.272 loading class com/android/dx/rop/code/RegOps done
Event: 13.273 Thread 0x0000000003031000 Uncommon trap: trap_request=0xffffff65 fr.pc=0x00000000035ec31c
Event: 13.273 Thread 0x0000000003031000 DEOPT PACKING pc=0x00000000035ec31c sp=0x000000000302e340
Event: 13.273 Thread 0x0000000003031000 DEOPT UNPACKING pc=0x000000000317582a sp=0x000000000302e2e8 mode 2
Event: 13.834 Thread 0x0000000017292800 Uncommon trap: trap_request=0xfffffff4 fr.pc=0x0000000003479248
Event: 13.834 Thread 0x0000000017292800 DEOPT PACKING pc=0x0000000003479248 sp=0x000000001783e4c0
Event: 13.834 Thread 0x0000000017292800 DEOPT UNPACKING pc=0x000000000317582a sp=0x000000001783e318 mode 2


Dynamic libraries:
0x00007ff74caa0000 - 0x00007ff74cad7000 	C:\Program Files\Java\jdk1.8.0_121\bin\java.exe
0x00007ffb19c50000 - 0x00007ffb19e12000 	C:\Windows\SYSTEM32\ntdll.dll
0x00007ffb17320000 - 0x00007ffb173cd000 	C:\Windows\system32\KERNEL32.DLL
0x00007ffb16a50000 - 0x00007ffb16c2d000 	C:\Windows\system32\KERNELBASE.dll
0x00007ffb19230000 - 0x00007ffb192d6000 	C:\Windows\system32\ADVAPI32.dll
0x00007ffb19190000 - 0x00007ffb1922d000 	C:\Windows\system32\msvcrt.dll
0x00007ffb18b30000 - 0x00007ffb18b8b000 	C:\Windows\system32\sechost.dll
0x00007ffb19b20000 - 0x00007ffb19c46000 	C:\Windows\system32\RPCRT4.dll
0x00007ffb196d0000 - 0x00007ffb1981e000 	C:\Windows\system32\USER32.dll
0x00007ffb19450000 - 0x00007ffb195d5000 	C:\Windows\system32\GDI32.dll
0x00007ffb12530000 - 0x00007ffb127a4000 	C:\Windows\WinSxS\amd64_microsoft.windows.common-controls_6595b64144ccf1df_6.0.10240.16384_none_f41f7b285750ef43\COMCTL32.dll
0x00007ffb195e0000 - 0x00007ffb19616000 	C:\Windows\system32\IMM32.DLL
0x00007ffb192e0000 - 0x00007ffb1943c000 	C:\Windows\system32\MSCTF.dll
0x00007ffb16460000 - 0x00007ffb16491000 	C:\Windows\system32\nvinitx.dll
0x00007ffb16450000 - 0x00007ffb1645a000 	C:\Windows\SYSTEM32\VERSION.dll
0x00000000504d0000 - 0x00000000504d6000 	C:\Program Files\NVIDIA Corporation\CoProcManager\_etoured.dll
0x00007ffb14c50000 - 0x00007ffb14c83000 	C:\Program Files\NVIDIA Corporation\CoProcManager\nvd3d9wrapx.dll
0x00007ffb18b90000 - 0x00007ffb18d55000 	C:\Windows\system32\SETUPAPI.dll
0x00007ffb16830000 - 0x00007ffb16874000 	C:\Windows\system32\CFGMGR32.dll
0x00007ffb134a0000 - 0x00007ffb134c2000 	C:\Program Files\NVIDIA Corporation\CoProcManager\nvdxgiwrapx.dll
0x0000000075e10000 - 0x0000000075ee2000 	C:\Program Files\Java\jdk1.8.0_121\jre\bin\msvcr100.dll
0x0000000076bd0000 - 0x000000007746b000 	C:\Program Files\Java\jdk1.8.0_121\jre\bin\server\jvm.dll
0x00007ffb19820000 - 0x00007ffb19828000 	C:\Windows\system32\PSAPI.DLL
0x00007ffb06fa0000 - 0x00007ffb06fa9000 	C:\Windows\SYSTEM32\WSOCK32.dll
0x00007ffb18910000 - 0x00007ffb18979000 	C:\Windows\system32\WS2_32.dll
0x00007ffb19440000 - 0x00007ffb19448000 	C:\Windows\system32\NSI.dll
0x00007ffb129c0000 - 0x00007ffb129e3000 	C:\Windows\SYSTEM32\WINMM.dll
0x0000000001510000 - 0x000000000153c000 	C:\Windows\SYSTEM32\WINMMBASE.dll
0x00007ffb14f00000 - 0x00007ffb14f27000 	C:\Windows\SYSTEM32\DEVOBJ.dll
0x0000000050240000 - 0x000000005024f000 	C:\Program Files\Java\jdk1.8.0_121\jre\bin\verify.dll
0x0000000050210000 - 0x0000000050239000 	C:\Program Files\Java\jdk1.8.0_121\jre\bin\java.dll
0x00000000501f0000 - 0x0000000050206000 	C:\Program Files\Java\jdk1.8.0_121\jre\bin\zip.dll
0x00007ffb173d0000 - 0x00007ffb188f5000 	C:\Windows\system32\SHELL32.dll
0x00007ffb16c30000 - 0x00007ffb17258000 	C:\Windows\system32\windows.storage.dll
0x00007ffb18f10000 - 0x00007ffb1918c000 	C:\Windows\system32\combase.dll
0x00007ffb18ad0000 - 0x00007ffb18b21000 	C:\Windows\system32\shlwapi.dll
0x00007ffb16710000 - 0x00007ffb1671f000 	C:\Windows\system32\kernel.appcore.dll
0x00007ffb17260000 - 0x00007ffb17313000 	C:\Windows\system32\shcore.dll
0x00007ffb16680000 - 0x00007ffb166ca000 	C:\Windows\system32\powrprof.dll
0x00007ffb166f0000 - 0x00007ffb16703000 	C:\Windows\system32\profapi.dll

VM Arguments:
jvm_args: -Djava.awt.headless=true -Xmx1024M -Dfile.encoding=windows-1252 -Duser.country=US -Duser.language=en -Duser.variant 
java_command: com.android.dx.command.Main --dex --num-threads=4 --output G:\Freelance\CompanyProfile\app\build\intermediates\pre-dexed\debug\com.android.support-support-v4-24.0.0_9345d0adf0ba0d4a4d151f00097478542f83c305.jar G:\Freelance\CompanyProfile\app\build\intermediates\exploded-aar\com.android.support\support-v4\24.0.0\jars\classes.jar
java_class_path (initial): G:\andorid\android-sdk\build-tools\25.0.1\lib\dx.jar
Launcher Type: SUN_STANDARD

Environment Variables:
JAVA_HOME=C:\Program Files\Java\jdk1.8.0_121
PATH=C:\ProgramData\Oracle\Java\javapath;C:\Program Files\Java\jdk1.8.0_31\bin;C:\Program Files\Java\jdk1.8.0_31\lib\tools.jar;C:\Windows\System32;C:\Program Files\nodejs\;C:\Program Files\Git\cmd;C:\Program Files\Git\mingw64\bin;C:\Program Files\Git\usr\bin;C:\Program Files (x86)\Common Files\lenovo\easyplussdk\bin;F:\pro\mat\runtime\win64;F:\pro\mat\bin;C:\Users\m7mD\AppData\Roaming\npm
USERNAME=m7mD
OS=Windows_NT
PROCESSOR_IDENTIFIER=Intel64 Family 6 Model 42 Stepping 7, GenuineIntel



---------------  S Y S T E M  ---------------

OS: Windows 10.0 , 64 bit Build 10240 (10.0.10240.16384)

CPU:total 4 (2 cores per cpu, 2 threads per core) family 6 model 42 stepping 7, cmov, cx8, fxsr, mmx, sse, sse2, sse3, ssse3, sse4.1, sse4.2, popcnt, avx, aes, clmul, ht, tsc, tscinvbit

Memory: 4k page, physical 4099244k(77892k free), swap 6314428k(3616k free)

vm_info: Java HotSpot(TM) 64-Bit Server VM (25.121-b13) for windows-amd64 JRE (1.8.0_121-b13), built on Dec 12 2016 18:21:36 by "java_re" with MS VC++ 10.0 (VS2010)

time: Tue Nov 28 23:56:00 2017
elapsed time: 15 seconds (0d 0h 0m 15s)

