#
# There is insufficient memory for the Java Runtime Environment to continue.
# Native memory allocation (malloc) failed to allocate 225616 bytes for Chunk::new
# Possible reasons:
#   The system is out of physical RAM or swap space
#   In 32 bit mode, the process size limit was hit
# Possible solutions:
#   Reduce memory load on the system
#   Increase physical memory or swap space
#   Check if swap backing store is full
#   Use 64 bit Java on a 64 bit OS
#   Decrease Java heap size (-Xmx/-Xms)
#   Decrease number of Java threads
#   Decrease Java thread stack sizes (-Xss)
#   Set larger code cache with -XX:ReservedCodeCacheSize=
# This output file may be truncated or incomplete.
#
#  Out of Memory Error (allocation.cpp:390), pid=6532, tid=0x000000000000152c
#
# JRE version: Java(TM) SE Runtime Environment (8.0_121-b13) (build 1.8.0_121-b13)
# Java VM: Java HotSpot(TM) 64-Bit Server VM (25.121-b13 mixed mode windows-amd64 compressed oops)
# Failed to write core dump. Minidumps are not enabled by default on client versions of Windows
#

---------------  T H R E A D  ---------------

Current thread (0x0000000014e30000):  JavaThread "C2 CompilerThread1" daemon [_thread_in_native, id=5420, stack(0x0000000016570000,0x0000000016670000)]

Stack: [0x0000000016570000,0x0000000016670000]
[error occurred during error reporting (printing stack bounds), id 0xc0000005]

Native frames: (J=compiled Java code, j=interpreted, Vv=VM code, C=native code)


Current CompileTask:
C2:   1972 1178       4       com.android.dx.ssa.Dominators::eval (29 bytes)


---------------  P R O C E S S  ---------------

Java Threads: ( => current thread )
  0x00000000169f4000 JavaThread "pool-1-thread-4" [_thread_blocked, id=2516, stack(0x0000000017170000,0x0000000017270000)]
  0x00000000169f3000 JavaThread "pool-1-thread-3" [_thread_blocked, id=4272, stack(0x0000000017070000,0x0000000017170000)]
  0x0000000016a66000 JavaThread "pool-1-thread-2" [_thread_in_vm, id=8016, stack(0x0000000016f70000,0x0000000017070000)]
  0x0000000016a65000 JavaThread "pool-2-thread-1" [_thread_blocked, id=7668, stack(0x0000000016e70000,0x0000000016f70000)]
  0x0000000016a72800 JavaThread "pool-1-thread-1" [_thread_blocked, id=7884, stack(0x0000000016d70000,0x0000000016e70000)]
  0x00000000167a4800 JavaThread "Service Thread" daemon [_thread_blocked, id=4400, stack(0x0000000016b70000,0x0000000016c70000)]
  0x0000000014e35000 JavaThread "C1 CompilerThread2" daemon [_thread_blocked, id=1812, stack(0x0000000016670000,0x0000000016770000)]
=>0x0000000014e30000 JavaThread "C2 CompilerThread1" daemon [_thread_in_native, id=5420, stack(0x0000000016570000,0x0000000016670000)]
  0x0000000014e2d000 JavaThread "C2 CompilerThread0" daemon [_thread_in_native, id=7448, stack(0x0000000016470000,0x0000000016570000)]
  0x0000000014e2b000 JavaThread "Attach Listener" daemon [_thread_blocked, id=4120, stack(0x0000000016370000,0x0000000016470000)]
  0x0000000014e29800 JavaThread "Signal Dispatcher" daemon [_thread_blocked, id=7768, stack(0x0000000016270000,0x0000000016370000)]
  0x000000000275a800 JavaThread "Finalizer" daemon [_thread_blocked, id=8072, stack(0x0000000016090000,0x0000000016190000)]
  0x0000000002751000 JavaThread "Reference Handler" daemon [_thread_blocked, id=7736, stack(0x0000000015f90000,0x0000000016090000)]
  0x0000000002661000 JavaThread "main" [_thread_blocked, id=7932, stack(0x00000000022c0000,0x00000000023c0000)]

Other Threads:
  0x0000000014df7800 VMThread [stack: 0x0000000015e90000,0x0000000015f90000] [id=5944]
  0x00000000167a8800 WatcherThread [stack: 0x0000000016c70000,0x0000000016d70000] [id=676]

VM state:synchronizing (normal execution)

VM Mutex/Monitor currently owned by a thread:  ([mutex/lock_event])
[0x000000000265c6e0] Threads_lock - owner thread: 0x0000000014df7800
[0x000000000265ca60] Heap_lock - owner thread: 0x00000000169f3000

Heap:
 PSYoungGen      total 18944K, used 18919K [0x00000000eab00000, 0x00000000ec000000, 0x0000000100000000)
  eden space 16384K, 100% used [0x00000000eab00000,0x00000000ebb00000,0x00000000ebb00000)
  from space 2560K, 99% used [0x00000000ebd80000,0x00000000ebff9c50,0x00000000ec000000)
  to   space 2560K, 0% used [0x00000000ebb00000,0x00000000ebb00000,0x00000000ebd80000)
 ParOldGen       total 44032K, used 3413K [0x00000000c0000000, 0x00000000c2b00000, 0x00000000eab00000)
  object space 44032K, 7% used [0x00000000c0000000,0x00000000c0355518,0x00000000c2b00000)
 Metaspace       used 6114K, capacity 6936K, committed 7168K, reserved 1056768K
  class space    used 616K, capacity 656K, committed 768K, reserved 1048576K

Card table byte_map: [0x0000000011b20000,0x0000000011d30000] byte_map_base: 0x0000000011520000

Marking Bits: (ParMarkBitMap*) 0x00000000773eb6d0
 Begin Bits: [0x0000000012290000, 0x0000000013290000)
 End Bits:   [0x0000000013290000, 0x0000000014290000)

Polling page: 0x0000000000aa0000

CodeCache: size=245760Kb used=4520Kb max_used=4520Kb free=241239Kb
 bounds [0x0000000002760000, 0x0000000002bd0000, 0x0000000011760000]
 total_blobs=1464 nmethods=1195 adapters=181
 compilation: disabled (not enough contiguous free space left)

Compilation events (10 events):
Event: 1.690 Thread 0x0000000014e35000 nmethod 1203 0x0000000002bb1b10 code [0x0000000002bb1c60, 0x0000000002bb1d70]
Event: 1.690 Thread 0x0000000014e35000 1202       3       com.android.dx.ssa.SsaConverter::edgeSplitMoveExceptionsAndResults (157 bytes)
Event: 1.692 Thread 0x0000000014e35000 nmethod 1202 0x0000000002bb86d0 code [0x0000000002bb8a80, 0x0000000002bba8e8]
Event: 1.692 Thread 0x0000000014e35000 1206       3       com.android.dx.cf.code.BasicBlocker::getBlockList (208 bytes)
Event: 1.694 Thread 0x0000000014e35000 nmethod 1206 0x0000000002bbbe10 code [0x0000000002bbc080, 0x0000000002bbd2c8]
Event: 1.694 Thread 0x0000000014e35000 1207       3       java.util.TreeMap::fixAfterInsertion (267 bytes)
Event: 1.698 Thread 0x0000000014e35000 nmethod 1207 0x0000000002bbdd50 code [0x0000000002bbe1c0, 0x0000000002bc08d8]
Event: 1.698 Thread 0x0000000014e35000 1208       3       com.android.dx.rop.type.Prototype::compareTo (120 bytes)
Event: 1.699 Thread 0x0000000014e35000 nmethod 1208 0x0000000002bc1a90 code [0x0000000002bc1ca0, 0x0000000002bc2b38]
Event: 1.699 Thread 0x0000000014e35000 1201       3       java.util.BitSet::set (18 bytes)

GC Heap History (2 events):
Event: 1.232 GC heap before
{Heap before GC invocations=1 (full 0):
 PSYoungGen      total 18944K, used 16384K [0x00000000eab00000, 0x00000000ec000000, 0x0000000100000000)
  eden space 16384K, 100% used [0x00000000eab00000,0x00000000ebb00000,0x00000000ebb00000)
  from space 2560K, 0% used [0x00000000ebd80000,0x00000000ebd80000,0x00000000ec000000)
  to   space 2560K, 0% used [0x00000000ebb00000,0x00000000ebb00000,0x00000000ebd80000)
 ParOldGen       total 44032K, used 0K [0x00000000c0000000, 0x00000000c2b00000, 0x00000000eab00000)
  object space 44032K, 0% used [0x00000000c0000000,0x00000000c0000000,0x00000000c2b00000)
 Metaspace       used 5845K, capacity 6744K, committed 6912K, reserved 1056768K
  class space    used 612K, capacity 656K, committed 768K, reserved 1048576K
Event: 1.280 GC heap after
Heap after GC invocations=1 (full 0):
 PSYoungGen      total 18944K, used 2554K [0x00000000eab00000, 0x00000000ec000000, 0x0000000100000000)
  eden space 16384K, 0% used [0x00000000eab00000,0x00000000eab00000,0x00000000ebb00000)
  from space 2560K, 99% used [0x00000000ebb00000,0x00000000ebd7eaa0,0x00000000ebd80000)
  to   space 2560K, 0% used [0x00000000ebd80000,0x00000000ebd80000,0x00000000ec000000)
 ParOldGen       total 44032K, used 1808K [0x00000000c0000000, 0x00000000c2b00000, 0x00000000eab00000)
  object space 44032K, 4% used [0x00000000c0000000,0x00000000c01c4118,0x00000000c2b00000)
 Metaspace       used 5845K, capacity 6744K, committed 6912K, reserved 1056768K
  class space    used 612K, capacity 656K, committed 768K, reserved 1048576K
}

Deoptimization events (6 events):
Event: 1.044 Thread 0x00000000169f3000 Uncommon trap: reason=unstable_if action=reinterpret pc=0x000000000299b1f0 method=java.util.BitSet.nextSetBit(I)I @ 87
Event: 1.617 Thread 0x0000000016a66000 Uncommon trap: reason=class_check action=maybe_recompile pc=0x00000000029d6418 method=com.android.dx.ssa.NormalSsaInsn.accept(Lcom/android/dx/ssa/SsaInsn$Visitor;)V @ 9
Event: 1.617 Thread 0x0000000016a66000 Uncommon trap: reason=class_check action=maybe_recompile pc=0x00000000029a6cf0 method=com.android.dx.ssa.NormalSsaInsn.accept(Lcom/android/dx/ssa/SsaInsn$Visitor;)V @ 9
Event: 1.617 Thread 0x0000000016a66000 Uncommon trap: reason=class_check action=maybe_recompile pc=0x00000000029a6cf0 method=com.android.dx.ssa.NormalSsaInsn.accept(Lcom/android/dx/ssa/SsaInsn$Visitor;)V @ 9
Event: 1.617 Thread 0x0000000016a66000 Uncommon trap: reason=class_check action=maybe_recompile pc=0x00000000029a6cf0 method=com.android.dx.ssa.NormalSsaInsn.accept(Lcom/android/dx/ssa/SsaInsn$Visitor;)V @ 9
Event: 1.650 Thread 0x0000000016a66000 Uncommon trap: reason=class_check action=maybe_recompile pc=0x00000000029d6418 method=com.android.dx.ssa.NormalSsaInsn.accept(Lcom/android/dx/ssa/SsaInsn$Visitor;)V @ 9

Internal exceptions (2 events):
Event: 0.075 Thread 0x0000000002661000 Exception <a 'java/lang/NoSuchMethodError': Method sun.misc.Unsafe.defineClass(Ljava/lang/String;[BII)Ljava/lang/Class; name or signature does not match> (0x00000000eab07ca8) thrown at [C:\re\workspace\8-2-build-windows-amd64-cygwin\jdk8u121\8372\hotspot\
Event: 0.075 Thread 0x0000000002661000 Exception <a 'java/lang/NoSuchMethodError': Method sun.misc.Unsafe.prefetchRead(Ljava/lang/Object;J)V name or signature does not match> (0x00000000eab07f90) thrown at [C:\re\workspace\8-2-build-windows-amd64-cygwin\jdk8u121\8372\hotspot\src\share\vm\prims

Events (10 events):
Event: 1.650 Thread 0x0000000016a66000 DEOPT PACKING pc=0x00000000029d6418 sp=0x000000001706eaa0
Event: 1.650 Thread 0x0000000016a66000 DEOPT UNPACKING pc=0x00000000027a582a sp=0x000000001706e9f0 mode 2
Event: 1.656 Thread 0x00000000169f4000 DEOPT PACKING pc=0x0000000002ae550f sp=0x000000001726eae0
Event: 1.656 Thread 0x00000000169f4000 DEOPT UNPACKING pc=0x00000000027a787f sp=0x000000001726e8c0 mode 0
Event: 1.668 Thread 0x0000000016a72800 DEOPT PACKING pc=0x0000000002ae550f sp=0x0000000016e6ec80
Event: 1.668 Thread 0x0000000016a72800 DEOPT UNPACKING pc=0x00000000027a787f sp=0x0000000016e6ea60 mode 0
Event: 1.695 loading class com/android/dx/cf/attrib/AttDeprecated
Event: 1.695 loading class com/android/dx/cf/attrib/AttDeprecated done
Event: 1.696 loading class com/android/dx/cf/attrib/AttRuntimeVisibleAnnotations
Event: 1.696 loading class com/android/dx/cf/attrib/AttRuntimeVisibleAnnotations done


Dynamic libraries:
0x00007ff74caa0000 - 0x00007ff74cad7000 	C:\Program Files\Java\jdk1.8.0_121\bin\java.exe
0x00007ffb19c50000 - 0x00007ffb19e12000 	C:\Windows\SYSTEM32\ntdll.dll
0x00007ffb17320000 - 0x00007ffb173cd000 	C:\Windows\system32\KERNEL32.DLL
0x00007ffb16a50000 - 0x00007ffb16c2d000 	C:\Windows\system32\KERNELBASE.dll
0x00007ffb19230000 - 0x00007ffb192d6000 	C:\Windows\system32\ADVAPI32.dll
0x00007ffb19190000 - 0x00007ffb1922d000 	C:\Windows\system32\msvcrt.dll
0x00007ffb18b30000 - 0x00007ffb18b8b000 	C:\Windows\system32\sechost.dll
0x00007ffb19b20000 - 0x00007ffb19c46000 	C:\Windows\system32\RPCRT4.dll
0x00007ffb196d0000 - 0x00007ffb1981e000 	C:\Windows\system32\USER32.dll
0x00007ffb19450000 - 0x00007ffb195d5000 	C:\Windows\system32\GDI32.dll
0x00007ffb12530000 - 0x00007ffb127a4000 	C:\Windows\WinSxS\amd64_microsoft.windows.common-controls_6595b64144ccf1df_6.0.10240.16384_none_f41f7b285750ef43\COMCTL32.dll
0x00007ffb195e0000 - 0x00007ffb19616000 	C:\Windows\system32\IMM32.DLL
0x00007ffb192e0000 - 0x00007ffb1943c000 	C:\Windows\system32\MSCTF.dll
0x00007ffb16460000 - 0x00007ffb16491000 	C:\Windows\system32\nvinitx.dll
0x00007ffb16450000 - 0x00007ffb1645a000 	C:\Windows\SYSTEM32\VERSION.dll
0x00000000504d0000 - 0x00000000504d6000 	C:\Program Files\NVIDIA Corporation\CoProcManager\_etoured.dll
0x00007ffb14c50000 - 0x00007ffb14c83000 	C:\Program Files\NVIDIA Corporation\CoProcManager\nvd3d9wrapx.dll
0x00007ffb18b90000 - 0x00007ffb18d55000 	C:\Windows\system32\SETUPAPI.dll
0x00007ffb16830000 - 0x00007ffb16874000 	C:\Windows\system32\CFGMGR32.dll
0x00007ffb134a0000 - 0x00007ffb134c2000 	C:\Program Files\NVIDIA Corporation\CoProcManager\nvdxgiwrapx.dll
0x0000000075e10000 - 0x0000000075ee2000 	C:\Program Files\Java\jdk1.8.0_121\jre\bin\msvcr100.dll
0x0000000076bd0000 - 0x000000007746b000 	C:\Program Files\Java\jdk1.8.0_121\jre\bin\server\jvm.dll
0x00007ffb19820000 - 0x00007ffb19828000 	C:\Windows\system32\PSAPI.DLL
0x00007ffb06fa0000 - 0x00007ffb06fa9000 	C:\Windows\SYSTEM32\WSOCK32.dll
0x00007ffb18910000 - 0x00007ffb18979000 	C:\Windows\system32\WS2_32.dll
0x00007ffb19440000 - 0x00007ffb19448000 	C:\Windows\system32\NSI.dll
0x00007ffb129c0000 - 0x00007ffb129e3000 	C:\Windows\SYSTEM32\WINMM.dll
0x00007ffb127e0000 - 0x00007ffb1280c000 	C:\Windows\SYSTEM32\WINMMBASE.dll
0x00007ffb14f00000 - 0x00007ffb14f27000 	C:\Windows\SYSTEM32\DEVOBJ.dll
0x0000000050240000 - 0x000000005024f000 	C:\Program Files\Java\jdk1.8.0_121\jre\bin\verify.dll
0x0000000050210000 - 0x0000000050239000 	C:\Program Files\Java\jdk1.8.0_121\jre\bin\java.dll
0x00000000501f0000 - 0x0000000050206000 	C:\Program Files\Java\jdk1.8.0_121\jre\bin\zip.dll
0x00007ffb173d0000 - 0x00007ffb188f5000 	C:\Windows\system32\SHELL32.dll
0x00007ffb16c30000 - 0x00007ffb17258000 	C:\Windows\system32\windows.storage.dll
0x00007ffb18f10000 - 0x00007ffb1918c000 	C:\Windows\system32\combase.dll
0x00007ffb18ad0000 - 0x00007ffb18b21000 	C:\Windows\system32\shlwapi.dll
0x00007ffb16710000 - 0x00007ffb1671f000 	C:\Windows\system32\kernel.appcore.dll
0x00007ffb17260000 - 0x00007ffb17313000 	C:\Windows\system32\shcore.dll
0x00007ffb16680000 - 0x00007ffb166ca000 	C:\Windows\system32\powrprof.dll
0x00007ffb166f0000 - 0x00007ffb16703000 	C:\Windows\system32\profapi.dll

VM Arguments:
jvm_args: -Djava.awt.headless=true -Xmx1024M -Dfile.encoding=windows-1252 -Duser.country=US -Duser.language=en -Duser.variant 
java_command: com.android.dx.command.Main --dex --num-threads=4 --output G:\Freelance\CompanyProfile\app\build\intermediates\pre-dexed\debug\com.google.android.gms-play-services-wallet-10.0.1_76e0d21ae57c80b11c378ca10487a37fb7082f04.jar G:\Freelance\CompanyProfile\app\build\intermediates\exploded-aar\com.google.android.gms\play-services-wallet\10.0.1\jars\classes.jar
java_class_path (initial): G:\andorid\android-sdk\build-tools\25.0.1\lib\dx.jar
Launcher Type: SUN_STANDARD

Environment Variables:
JAVA_HOME=C:\Program Files\Java\jdk1.8.0_121
PATH=C:\ProgramData\Oracle\Java\javapath;C:\Program Files\Java\jdk1.8.0_31\bin;C:\Program Files\Java\jdk1.8.0_31\lib\tools.jar;C:\Windows\System32;C:\Program Files\nodejs\;C:\Program Files\Git\cmd;C:\Program Files\Git\mingw64\bin;C:\Program Files\Git\usr\bin;C:\Program Files (x86)\Common Files\lenovo\easyplussdk\bin;F:\pro\mat\runtime\win64;F:\pro\mat\bin;C:\Users\m7mD\AppData\Roaming\npm
USERNAME=m7mD
OS=Windows_NT
PROCESSOR_IDENTIFIER=Intel64 Family 6 Model 42 Stepping 7, GenuineIntel



---------------  S Y S T E M  ---------------

OS: Windows 10.0 , 64 bit Build 10240 (10.0.10240.16384)

CPU:total 4 (2 cores per cpu, 2 threads per core) family 6 model 42 stepping 7, cmov, cx8, fxsr, mmx, sse, sse2, sse3, ssse3, sse4.1, sse4.2, popcnt, avx, aes, clmul, ht, tsc, tscinvbit

Memory: 4k page, physical 4099244k(97260k free), swap 6314428k(2320k free)

vm_info: Java HotSpot(TM) 64-Bit Server VM (25.121-b13) for windows-amd64 JRE (1.8.0_121-b13), built on Dec 12 2016 18:21:36 by "java_re" with MS VC++ 10.0 (VS2010)

time: Tue Nov 28 23:57:07 2017
elapsed time: 1 seconds (0d 0h 0m 1s)

