#
# There is insufficient memory for the Java Runtime Environment to continue.
# Native memory allocation (malloc) failed to allocate 314576 bytes for Chunk::new
# Possible reasons:
#   The system is out of physical RAM or swap space
#   In 32 bit mode, the process size limit was hit
# Possible solutions:
#   Reduce memory load on the system
#   Increase physical memory or swap space
#   Check if swap backing store is full
#   Use 64 bit Java on a 64 bit OS
#   Decrease Java heap size (-Xmx/-Xms)
#   Decrease number of Java threads
#   Decrease Java thread stack sizes (-Xss)
#   Set larger code cache with -XX:ReservedCodeCacheSize=
# This output file may be truncated or incomplete.
#
#  Out of Memory Error (allocation.cpp:390), pid=4176, tid=0x0000000000001dbc
#
# JRE version: Java(TM) SE Runtime Environment (8.0_121-b13) (build 1.8.0_121-b13)
# Java VM: Java HotSpot(TM) 64-Bit Server VM (25.121-b13 mixed mode windows-amd64 compressed oops)
# Failed to write core dump. Minidumps are not enabled by default on client versions of Windows
#

---------------  T H R E A D  ---------------

Current thread (0x0000000014bc2000):  JavaThread "C2 CompilerThread0" daemon [_thread_in_native, id=7612, stack(0x0000000016200000,0x0000000016300000)]

Stack: [0x0000000016200000,0x0000000016300000]
[error occurred during error reporting (printing stack bounds), id 0xc0000005]

Native frames: (J=compiled Java code, j=interpreted, Vv=VM code, C=native code)


Current CompileTask:
C2:   2159 1152       4       com.android.dx.ssa.SsaMethod::computeReachability (131 bytes)


---------------  P R O C E S S  ---------------

Java Threads: ( => current thread )
  0x000000001676c000 JavaThread "pool-1-thread-4" [_thread_in_Java, id=7700, stack(0x0000000016f00000,0x0000000017000000)]
  0x000000001676b000 JavaThread "pool-1-thread-3" [_thread_blocked, id=7856, stack(0x0000000016e00000,0x0000000016f00000)]
  0x000000001676a000 JavaThread "pool-1-thread-2" [_thread_blocked, id=7756, stack(0x0000000016d00000,0x0000000016e00000)]
  0x0000000016769800 JavaThread "pool-2-thread-1" [_thread_blocked, id=6760, stack(0x0000000016c00000,0x0000000016d00000)]
  0x0000000016766000 JavaThread "pool-1-thread-1" [_thread_in_Java, id=7888, stack(0x0000000016b00000,0x0000000016c00000)]
  0x0000000016502000 JavaThread "Service Thread" daemon [_thread_blocked, id=7984, stack(0x0000000016900000,0x0000000016a00000)]
  0x00000000024ee800 JavaThread "C1 CompilerThread2" daemon [_thread_in_native, id=4708, stack(0x0000000016400000,0x0000000016500000)]
  0x0000000014bc5000 JavaThread "C2 CompilerThread1" daemon [_thread_in_native, id=7296, stack(0x0000000016300000,0x0000000016400000)]
=>0x0000000014bc2000 JavaThread "C2 CompilerThread0" daemon [_thread_in_native, id=7612, stack(0x0000000016200000,0x0000000016300000)]
  0x0000000014bc0000 JavaThread "Attach Listener" daemon [_thread_blocked, id=4572, stack(0x0000000016100000,0x0000000016200000)]
  0x0000000014bbe800 JavaThread "Signal Dispatcher" daemon [_thread_blocked, id=948, stack(0x0000000016000000,0x0000000016100000)]
  0x00000000024e4800 JavaThread "Finalizer" daemon [_thread_blocked, id=7608, stack(0x0000000015e20000,0x0000000015f20000)]
  0x00000000024e1000 JavaThread "Reference Handler" daemon [_thread_blocked, id=5860, stack(0x0000000015d20000,0x0000000015e20000)]
  0x00000000023f1000 JavaThread "main" [_thread_in_Java, id=6524, stack(0x0000000002170000,0x0000000002270000)]

Other Threads:
  0x0000000014b87800 VMThread [stack: 0x0000000015c20000,0x0000000015d20000] [id=7648]
  0x000000001650a000 WatcherThread [stack: 0x0000000016a00000,0x0000000016b00000] [id=7804]

VM state:not at safepoint (normal execution)

VM Mutex/Monitor currently owned by a thread: None

Heap:
 PSYoungGen      total 35328K, used 11190K [0x00000000eab00000, 0x00000000ed000000, 0x0000000100000000)
  eden space 32768K, 26% used [0x00000000eab00000,0x00000000eb372e98,0x00000000ecb00000)
  from space 2560K, 99% used [0x00000000ecd80000,0x00000000ecffaaa8,0x00000000ed000000)
  to   space 2560K, 0% used [0x00000000ecb00000,0x00000000ecb00000,0x00000000ecd80000)
 ParOldGen       total 44032K, used 3503K [0x00000000c0000000, 0x00000000c2b00000, 0x00000000eab00000)
  object space 44032K, 7% used [0x00000000c0000000,0x00000000c036bc28,0x00000000c2b00000)
 Metaspace       used 6163K, capacity 7000K, committed 7168K, reserved 1056768K
  class space    used 619K, capacity 656K, committed 768K, reserved 1048576K

Card table byte_map: [0x00000000118b0000,0x0000000011ac0000] byte_map_base: 0x00000000112b0000

Marking Bits: (ParMarkBitMap*) 0x00000000773eb6d0
 Begin Bits: [0x0000000012020000, 0x0000000013020000)
 End Bits:   [0x0000000013020000, 0x0000000014020000)

Polling page: 0x0000000000730000

CodeCache: size=245760Kb used=4814Kb max_used=4814Kb free=240945Kb
 bounds [0x00000000024f0000, 0x00000000029b0000, 0x00000000114f0000]
 total_blobs=1479 nmethods=1211 adapters=181
 compilation: enabled

Compilation events (10 events):
Event: 2.058 Thread 0x00000000024ee800 nmethod 1157 0x000000000296c090 code [0x000000000296c220, 0x000000000296c668]
Event: 2.058 Thread 0x00000000024ee800 1158       3       com.android.dx.ssa.ConstCollector::updateConstUses (248 bytes)
Event: 2.061 Thread 0x00000000024ee800 nmethod 1158 0x00000000029716d0 code [0x0000000002971a40, 0x0000000002973b18]
Event: 2.061 Thread 0x00000000024ee800 1160       3       com.android.dx.ssa.SsaMethod::buildUseList (112 bytes)
Event: 2.063 Thread 0x00000000024ee800 nmethod 1160 0x0000000002969210 code [0x00000000029694a0, 0x000000000296a798]
Event: 2.063 Thread 0x00000000024ee800 1165       1       com.android.dx.ssa.Optimizer::getAdvice (4 bytes)
Event: 2.063 Thread 0x00000000024ee800 nmethod 1165 0x000000000296d850 code [0x000000000296d9a0, 0x000000000296da90]
Event: 2.063 Thread 0x00000000024ee800 1162       3       com.android.dx.ssa.back.InterferenceGraph::<init> (42 bytes)
Event: 2.064 Thread 0x00000000024ee800 nmethod 1162 0x0000000002974e90 code [0x00000000029750a0, 0x0000000002975b68]
Event: 2.064 Thread 0x00000000024ee800 1164       3       com.android.dx.ssa.SCCP::<init> (142 bytes)

GC Heap History (2 events):
Event: 1.664 GC heap before
{Heap before GC invocations=1 (full 0):
 PSYoungGen      total 18944K, used 16384K [0x00000000eab00000, 0x00000000ec000000, 0x0000000100000000)
  eden space 16384K, 100% used [0x00000000eab00000,0x00000000ebb00000,0x00000000ebb00000)
  from space 2560K, 0% used [0x00000000ebd80000,0x00000000ebd80000,0x00000000ec000000)
  to   space 2560K, 0% used [0x00000000ebb00000,0x00000000ebb00000,0x00000000ebd80000)
 ParOldGen       total 44032K, used 0K [0x00000000c0000000, 0x00000000c2b00000, 0x00000000eab00000)
  object space 44032K, 0% used [0x00000000c0000000,0x00000000c0000000,0x00000000c2b00000)
 Metaspace       used 5841K, capacity 6680K, committed 6912K, reserved 1056768K
  class space    used 612K, capacity 656K, committed 768K, reserved 1048576K
Event: 1.719 GC heap after
Heap after GC invocations=1 (full 0):
 PSYoungGen      total 18944K, used 2554K [0x00000000eab00000, 0x00000000ed000000, 0x0000000100000000)
  eden space 16384K, 0% used [0x00000000eab00000,0x00000000eab00000,0x00000000ebb00000)
  from space 2560K, 99% used [0x00000000ebb00000,0x00000000ebd7ea98,0x00000000ebd80000)
  to   space 2560K, 0% used [0x00000000ecd80000,0x00000000ecd80000,0x00000000ed000000)
 ParOldGen       total 44032K, used 1457K [0x00000000c0000000, 0x00000000c2b00000, 0x00000000eab00000)
  object space 44032K, 3% used [0x00000000c0000000,0x00000000c016c6f8,0x00000000c2b00000)
 Metaspace       used 5841K, capacity 6680K, committed 6912K, reserved 1056768K
  class space    used 612K, capacity 656K, committed 768K, reserved 1048576K
}

Deoptimization events (7 events):
Event: 1.754 Thread 0x00000000023f1000 Uncommon trap: reason=class_check action=maybe_recompile pc=0x000000000279a454 method=com.android.dx.ssa.NormalSsaInsn.accept(Lcom/android/dx/ssa/SsaInsn$Visitor;)V @ 9
Event: 1.915 Thread 0x000000001676c000 Uncommon trap: reason=class_check action=maybe_recompile pc=0x000000000279a454 method=com.android.dx.ssa.NormalSsaInsn.accept(Lcom/android/dx/ssa/SsaInsn$Visitor;)V @ 9
Event: 1.916 Thread 0x000000001676c000 Uncommon trap: reason=class_check action=maybe_recompile pc=0x000000000272c730 method=com.android.dx.ssa.NormalSsaInsn.accept(Lcom/android/dx/ssa/SsaInsn$Visitor;)V @ 9
Event: 1.916 Thread 0x000000001676c000 Uncommon trap: reason=class_check action=maybe_recompile pc=0x000000000272c730 method=com.android.dx.ssa.NormalSsaInsn.accept(Lcom/android/dx/ssa/SsaInsn$Visitor;)V @ 9
Event: 1.925 Thread 0x000000001676c000 Uncommon trap: reason=class_check action=maybe_recompile pc=0x000000000279a454 method=com.android.dx.ssa.NormalSsaInsn.accept(Lcom/android/dx/ssa/SsaInsn$Visitor;)V @ 9
Event: 1.995 Thread 0x00000000023f1000 Uncommon trap: reason=unstable_if action=reinterpret pc=0x00000000028fba00 method=com.android.dx.rop.code.RegisterSpecSet.<init>(I)V @ 2
Event: 1.998 Thread 0x000000001676c000 Uncommon trap: reason=bimorphic action=maybe_recompile pc=0x0000000002799030 method=java.util.HashMap.getNode(ILjava/lang/Object;)Ljava/util/HashMap$Node; @ 126

Internal exceptions (2 events):
Event: 0.222 Thread 0x00000000023f1000 Exception <a 'java/lang/NoSuchMethodError': Method sun.misc.Unsafe.defineClass(Ljava/lang/String;[BII)Ljava/lang/Class; name or signature does not match> (0x00000000eab07ca8) thrown at [C:\re\workspace\8-2-build-windows-amd64-cygwin\jdk8u121\8372\hotspot\
Event: 0.222 Thread 0x00000000023f1000 Exception <a 'java/lang/NoSuchMethodError': Method sun.misc.Unsafe.prefetchRead(Ljava/lang/Object;J)V name or signature does not match> (0x00000000eab07f90) thrown at [C:\re\workspace\8-2-build-windows-amd64-cygwin\jdk8u121\8372\hotspot\src\share\vm\prims

Events (10 events):
Event: 1.960 loading class com/android/dx/dex/file/AnnotationSetRefItem
Event: 1.960 loading class com/android/dx/dex/file/AnnotationSetRefItem done
Event: 1.984 loading class com/android/dx/cf/code/SwitchList
Event: 1.984 loading class com/android/dx/cf/code/SwitchList done
Event: 1.995 Thread 0x00000000023f1000 Uncommon trap: trap_request=0xffffff65 fr.pc=0x00000000028fba00
Event: 1.995 Thread 0x00000000023f1000 DEOPT PACKING pc=0x00000000028fba00 sp=0x000000000226e6a0
Event: 1.995 Thread 0x00000000023f1000 DEOPT UNPACKING pc=0x000000000253582a sp=0x000000000226e5d0 mode 2
Event: 1.998 Thread 0x000000001676c000 Uncommon trap: trap_request=0xffffffc6 fr.pc=0x0000000002799030
Event: 1.998 Thread 0x000000001676c000 DEOPT PACKING pc=0x0000000002799030 sp=0x0000000016ffec50
Event: 1.998 Thread 0x000000001676c000 DEOPT UNPACKING pc=0x000000000253582a sp=0x0000000016ffeb78 mode 2


Dynamic libraries:
0x00007ff74caa0000 - 0x00007ff74cad7000 	C:\Program Files\Java\jdk1.8.0_121\bin\java.exe
0x00007ffb19c50000 - 0x00007ffb19e12000 	C:\Windows\SYSTEM32\ntdll.dll
0x00007ffb17320000 - 0x00007ffb173cd000 	C:\Windows\system32\KERNEL32.DLL
0x00007ffb16a50000 - 0x00007ffb16c2d000 	C:\Windows\system32\KERNELBASE.dll
0x00007ffb19230000 - 0x00007ffb192d6000 	C:\Windows\system32\ADVAPI32.dll
0x00007ffb19190000 - 0x00007ffb1922d000 	C:\Windows\system32\msvcrt.dll
0x00007ffb18b30000 - 0x00007ffb18b8b000 	C:\Windows\system32\sechost.dll
0x00007ffb19b20000 - 0x00007ffb19c46000 	C:\Windows\system32\RPCRT4.dll
0x00007ffb196d0000 - 0x00007ffb1981e000 	C:\Windows\system32\USER32.dll
0x00007ffb19450000 - 0x00007ffb195d5000 	C:\Windows\system32\GDI32.dll
0x00007ffb12530000 - 0x00007ffb127a4000 	C:\Windows\WinSxS\amd64_microsoft.windows.common-controls_6595b64144ccf1df_6.0.10240.16384_none_f41f7b285750ef43\COMCTL32.dll
0x00007ffb195e0000 - 0x00007ffb19616000 	C:\Windows\system32\IMM32.DLL
0x00007ffb192e0000 - 0x00007ffb1943c000 	C:\Windows\system32\MSCTF.dll
0x00007ffb16460000 - 0x00007ffb16491000 	C:\Windows\system32\nvinitx.dll
0x00007ffb16450000 - 0x00007ffb1645a000 	C:\Windows\SYSTEM32\VERSION.dll
0x00000000504d0000 - 0x00000000504d6000 	C:\Program Files\NVIDIA Corporation\CoProcManager\_etoured.dll
0x00007ffb14c50000 - 0x00007ffb14c83000 	C:\Program Files\NVIDIA Corporation\CoProcManager\nvd3d9wrapx.dll
0x00007ffb18b90000 - 0x00007ffb18d55000 	C:\Windows\system32\SETUPAPI.dll
0x00007ffb16830000 - 0x00007ffb16874000 	C:\Windows\system32\CFGMGR32.dll
0x00007ffb134a0000 - 0x00007ffb134c2000 	C:\Program Files\NVIDIA Corporation\CoProcManager\nvdxgiwrapx.dll
0x0000000075e10000 - 0x0000000075ee2000 	C:\Program Files\Java\jdk1.8.0_121\jre\bin\msvcr100.dll
0x0000000076bd0000 - 0x000000007746b000 	C:\Program Files\Java\jdk1.8.0_121\jre\bin\server\jvm.dll
0x00007ffb19820000 - 0x00007ffb19828000 	C:\Windows\system32\PSAPI.DLL
0x00007ffb06fa0000 - 0x00007ffb06fa9000 	C:\Windows\SYSTEM32\WSOCK32.dll
0x00007ffb18910000 - 0x00007ffb18979000 	C:\Windows\system32\WS2_32.dll
0x00007ffb19440000 - 0x00007ffb19448000 	C:\Windows\system32\NSI.dll
0x00007ffb129c0000 - 0x00007ffb129e3000 	C:\Windows\SYSTEM32\WINMM.dll
0x00007ffb127e0000 - 0x00007ffb1280c000 	C:\Windows\SYSTEM32\WINMMBASE.dll
0x00007ffb14f00000 - 0x00007ffb14f27000 	C:\Windows\SYSTEM32\DEVOBJ.dll
0x0000000050240000 - 0x000000005024f000 	C:\Program Files\Java\jdk1.8.0_121\jre\bin\verify.dll
0x0000000050210000 - 0x0000000050239000 	C:\Program Files\Java\jdk1.8.0_121\jre\bin\java.dll
0x00000000501f0000 - 0x0000000050206000 	C:\Program Files\Java\jdk1.8.0_121\jre\bin\zip.dll
0x00007ffb173d0000 - 0x00007ffb188f5000 	C:\Windows\system32\SHELL32.dll
0x00007ffb16c30000 - 0x00007ffb17258000 	C:\Windows\system32\windows.storage.dll
0x00007ffb18f10000 - 0x00007ffb1918c000 	C:\Windows\system32\combase.dll
0x00007ffb18ad0000 - 0x00007ffb18b21000 	C:\Windows\system32\shlwapi.dll
0x00007ffb16710000 - 0x00007ffb1671f000 	C:\Windows\system32\kernel.appcore.dll
0x00007ffb17260000 - 0x00007ffb17313000 	C:\Windows\system32\shcore.dll
0x00007ffb16680000 - 0x00007ffb166ca000 	C:\Windows\system32\powrprof.dll
0x00007ffb166f0000 - 0x00007ffb16703000 	C:\Windows\system32\profapi.dll

VM Arguments:
jvm_args: -Djava.awt.headless=true -Xmx1024M -Dfile.encoding=windows-1252 -Duser.country=US -Duser.language=en -Duser.variant 
java_command: com.android.dx.command.Main --dex --num-threads=4 --output G:\Freelance\CompanyProfile\app\build\intermediates\pre-dexed\debug\com.google.android.gms-play-services-ads-lite-10.0.1_96a3c1036c29bf532aa046d9938bc0b30c28e481.jar G:\Freelance\CompanyProfile\app\build\intermediates\exploded-aar\com.google.android.gms\play-services-ads-lite\10.0.1\jars\classes.jar
java_class_path (initial): G:\andorid\android-sdk\build-tools\25.0.1\lib\dx.jar
Launcher Type: SUN_STANDARD

Environment Variables:
JAVA_HOME=C:\Program Files\Java\jdk1.8.0_121
PATH=C:\ProgramData\Oracle\Java\javapath;C:\Program Files\Java\jdk1.8.0_31\bin;C:\Program Files\Java\jdk1.8.0_31\lib\tools.jar;C:\Windows\System32;C:\Program Files\nodejs\;C:\Program Files\Git\cmd;C:\Program Files\Git\mingw64\bin;C:\Program Files\Git\usr\bin;C:\Program Files (x86)\Common Files\lenovo\easyplussdk\bin;F:\pro\mat\runtime\win64;F:\pro\mat\bin;C:\Users\m7mD\AppData\Roaming\npm
USERNAME=m7mD
OS=Windows_NT
PROCESSOR_IDENTIFIER=Intel64 Family 6 Model 42 Stepping 7, GenuineIntel



---------------  S Y S T E M  ---------------

OS: Windows 10.0 , 64 bit Build 10240 (10.0.10240.16384)

CPU:total 4 (2 cores per cpu, 2 threads per core) family 6 model 42 stepping 7, cmov, cx8, fxsr, mmx, sse, sse2, sse3, ssse3, sse4.1, sse4.2, popcnt, avx, aes, clmul, ht, tsc, tscinvbit

Memory: 4k page, physical 4099244k(181276k free), swap 6314428k(4092k free)

vm_info: Java HotSpot(TM) 64-Bit Server VM (25.121-b13) for windows-amd64 JRE (1.8.0_121-b13), built on Dec 12 2016 18:21:36 by "java_re" with MS VC++ 10.0 (VS2010)

time: Tue Nov 28 23:48:18 2017
elapsed time: 2 seconds (0d 0h 0m 2s)

