#
# There is insufficient memory for the Java Runtime Environment to continue.
# Native memory allocation (malloc) failed to allocate 703216 bytes for Chunk::new
# Possible reasons:
#   The system is out of physical RAM or swap space
#   In 32 bit mode, the process size limit was hit
# Possible solutions:
#   Reduce memory load on the system
#   Increase physical memory or swap space
#   Check if swap backing store is full
#   Use 64 bit Java on a 64 bit OS
#   Decrease Java heap size (-Xmx/-Xms)
#   Decrease number of Java threads
#   Decrease Java thread stack sizes (-Xss)
#   Set larger code cache with -XX:ReservedCodeCacheSize=
# This output file may be truncated or incomplete.
#
#  Out of Memory Error (allocation.cpp:390), pid=7460, tid=0x0000000000001618
#
# JRE version: Java(TM) SE Runtime Environment (8.0_121-b13) (build 1.8.0_121-b13)
# Java VM: Java HotSpot(TM) 64-Bit Server VM (25.121-b13 mixed mode windows-amd64 compressed oops)
# Failed to write core dump. Minidumps are not enabled by default on client versions of Windows
#

---------------  T H R E A D  ---------------

Current thread (0x00000000152ad000):  JavaThread "C2 CompilerThread0" daemon [_thread_in_native, id=5656, stack(0x00000000168f0000,0x00000000169f0000)]

Stack: [0x00000000168f0000,0x00000000169f0000]
[error occurred during error reporting (printing stack bounds), id 0xc0000005]

Native frames: (J=compiled Java code, j=interpreted, Vv=VM code, C=native code)


Current CompileTask:
C2:  46043 1480   !   4       com.android.dx.cf.code.BytecodeArray::parseInstruction (2764 bytes)


---------------  P R O C E S S  ---------------

Java Threads: ( => current thread )
  0x0000000016d33800 JavaThread "pool-1-thread-4" [_thread_blocked, id=7684, stack(0x00000000175f0000,0x00000000176f0000)]
  0x0000000016d32800 JavaThread "pool-1-thread-3" [_thread_blocked, id=7668, stack(0x00000000174f0000,0x00000000175f0000)]
  0x0000000016ccc800 JavaThread "pool-1-thread-2" [_thread_blocked, id=7652, stack(0x00000000173f0000,0x00000000174f0000)]
  0x0000000016e5d000 JavaThread "pool-2-thread-1" [_thread_blocked, id=7640, stack(0x00000000172f0000,0x00000000173f0000)]
  0x0000000016e51800 JavaThread "pool-1-thread-1" [_thread_blocked, id=7688, stack(0x00000000171f0000,0x00000000172f0000)]
  0x0000000016bfb800 JavaThread "Service Thread" daemon [_thread_blocked, id=628, stack(0x0000000016ff0000,0x00000000170f0000)]
  0x000000001530e000 JavaThread "C1 CompilerThread2" daemon [_thread_blocked, id=1576, stack(0x0000000016af0000,0x0000000016bf0000)]
  0x00000000152b0000 JavaThread "C2 CompilerThread1" daemon [_thread_in_native, id=1732, stack(0x00000000169f0000,0x0000000016af0000)]
=>0x00000000152ad000 JavaThread "C2 CompilerThread0" daemon [_thread_in_native, id=5656, stack(0x00000000168f0000,0x00000000169f0000)]
  0x00000000152ab000 JavaThread "Attach Listener" daemon [_thread_blocked, id=7260, stack(0x00000000167f0000,0x00000000168f0000)]
  0x00000000152a9800 JavaThread "Signal Dispatcher" daemon [_thread_blocked, id=4452, stack(0x00000000166f0000,0x00000000167f0000)]
  0x0000000002bba000 JavaThread "Finalizer" daemon [_thread_blocked, id=7172, stack(0x0000000016510000,0x0000000016610000)]
  0x0000000002bb1000 JavaThread "Reference Handler" daemon [_thread_blocked, id=6928, stack(0x0000000016410000,0x0000000016510000)]
  0x0000000002ac1000 JavaThread "main" [_thread_in_native, id=7300, stack(0x0000000002970000,0x0000000002a70000)]

Other Threads:
  0x0000000015277800 VMThread [stack: 0x0000000016310000,0x0000000016410000] [id=5788]
  0x0000000016bf7000 WatcherThread [stack: 0x00000000170f0000,0x00000000171f0000] [id=7476]

VM state:not at safepoint (normal execution)

VM Mutex/Monitor currently owned by a thread: None

Heap:
 PSYoungGen      total 18944K, used 3638K [0x00000000eab00000, 0x00000000ec000000, 0x0000000100000000)
  eden space 16384K, 22% used [0x00000000eab00000,0x00000000eae8d858,0x00000000ebb00000)
  from space 2560K, 0% used [0x00000000ebd80000,0x00000000ebd80000,0x00000000ec000000)
  to   space 2560K, 0% used [0x00000000ebb00000,0x00000000ebb00000,0x00000000ebd80000)
 ParOldGen       total 33280K, used 8367K [0x00000000c0000000, 0x00000000c2080000, 0x00000000eab00000)
  object space 33280K, 25% used [0x00000000c0000000,0x00000000c082bc38,0x00000000c2080000)
 Metaspace       used 6226K, capacity 7064K, committed 7424K, reserved 1058816K
  class space    used 615K, capacity 656K, committed 768K, reserved 1048576K

Card table byte_map: [0x0000000011f80000,0x0000000012190000] byte_map_base: 0x0000000011980000

Marking Bits: (ParMarkBitMap*) 0x00000000773eb6d0
 Begin Bits: [0x00000000126f0000, 0x00000000136f0000)
 End Bits:   [0x00000000136f0000, 0x00000000146f0000)

Polling page: 0x0000000002a70000

CodeCache: size=245760Kb used=6875Kb max_used=6875Kb free=238884Kb
 bounds [0x0000000002bc0000, 0x0000000003280000, 0x0000000011bc0000]
 total_blobs=1794 nmethods=1526 adapters=181
 compilation: enabled

Compilation events (10 events):
Event: 43.955 Thread 0x000000001530e000 1499       3       com.android.dx.rop.annotation.NameValuePair::<init> (43 bytes)
Event: 43.956 Thread 0x000000001530e000 nmethod 1499 0x0000000003242950 code [0x0000000003242ae0, 0x0000000003242e98]
Event: 43.956 Thread 0x000000001530e000 1500       3       com.android.dx.cf.code.ExecutionStack::makeInitialized (51 bytes)
Event: 43.956 Thread 0x000000001530e000 nmethod 1500 0x0000000003241e10 code [0x0000000003241fc0, 0x0000000003242658]
Event: 43.956 Thread 0x000000001530e000 1501       3       com.android.dx.rop.type.Type::asUninitialized (140 bytes)
Event: 43.959 Thread 0x000000001530e000 nmethod 1501 0x0000000003248c50 code [0x0000000003248fc0, 0x000000000324ae28]
Event: 43.959 Thread 0x000000001530e000 1502       3       com.android.dx.rop.type.Type::getInitializedType (42 bytes)
Event: 43.960 Thread 0x000000001530e000 nmethod 1502 0x000000000324bcd0 code [0x000000000324bea0, 0x000000000324c6b8]
Event: 43.983 Thread 0x00000000152b0000 nmethod 1473 0x0000000003250f50 code [0x00000000032511a0, 0x00000000032529f8]
Event: 43.983 Thread 0x00000000152b0000 1495   !   4       com.android.dx.cf.code.RopperMachine::run (1550 bytes)

GC Heap History (6 events):
Event: 34.196 GC heap before
{Heap before GC invocations=1 (full 0):
 PSYoungGen      total 18944K, used 16384K [0x00000000eab00000, 0x00000000ec000000, 0x0000000100000000)
  eden space 16384K, 100% used [0x00000000eab00000,0x00000000ebb00000,0x00000000ebb00000)
  from space 2560K, 0% used [0x00000000ebd80000,0x00000000ebd80000,0x00000000ec000000)
  to   space 2560K, 0% used [0x00000000ebb00000,0x00000000ebb00000,0x00000000ebd80000)
 ParOldGen       total 44032K, used 0K [0x00000000c0000000, 0x00000000c2b00000, 0x00000000eab00000)
  object space 44032K, 0% used [0x00000000c0000000,0x00000000c0000000,0x00000000c2b00000)
 Metaspace       used 5891K, capacity 6808K, committed 7168K, reserved 1056768K
  class space    used 613K, capacity 656K, committed 768K, reserved 1048576K
Event: 34.403 GC heap after
Heap after GC invocations=1 (full 0):
 PSYoungGen      total 18944K, used 2538K [0x00000000eab00000, 0x00000000ec000000, 0x0000000100000000)
  eden space 16384K, 0% used [0x00000000eab00000,0x00000000eab00000,0x00000000ebb00000)
  from space 2560K, 99% used [0x00000000ebb00000,0x00000000ebd7aac8,0x00000000ebd80000)
  to   space 2560K, 0% used [0x00000000ebd80000,0x00000000ebd80000,0x00000000ec000000)
 ParOldGen       total 44032K, used 1571K [0x00000000c0000000, 0x00000000c2b00000, 0x00000000eab00000)
  object space 44032K, 3% used [0x00000000c0000000,0x00000000c0188c08,0x00000000c2b00000)
 Metaspace       used 5891K, capacity 6808K, committed 7168K, reserved 1056768K
  class space    used 613K, capacity 656K, committed 768K, reserved 1048576K
}
Event: 38.699 GC heap before
{Heap before GC invocations=2 (full 0):
 PSYoungGen      total 18944K, used 18922K [0x00000000eab00000, 0x00000000ec000000, 0x0000000100000000)
  eden space 16384K, 100% used [0x00000000eab00000,0x00000000ebb00000,0x00000000ebb00000)
  from space 2560K, 99% used [0x00000000ebb00000,0x00000000ebd7aac8,0x00000000ebd80000)
  to   space 2560K, 0% used [0x00000000ebd80000,0x00000000ebd80000,0x00000000ec000000)
 ParOldGen       total 44032K, used 1571K [0x00000000c0000000, 0x00000000c2b00000, 0x00000000eab00000)
  object space 44032K, 3% used [0x00000000c0000000,0x00000000c0188c08,0x00000000c2b00000)
 Metaspace       used 6112K, capacity 6936K, committed 7168K, reserved 1056768K
  class space    used 614K, capacity 656K, committed 768K, reserved 1048576K
Event: 38.707 GC heap after
Heap after GC invocations=2 (full 0):
 PSYoungGen      total 18944K, used 2544K [0x00000000eab00000, 0x00000000ec000000, 0x0000000100000000)
  eden space 16384K, 0% used [0x00000000eab00000,0x00000000eab00000,0x00000000ebb00000)
  from space 2560K, 99% used [0x00000000ebd80000,0x00000000ebffc1f8,0x00000000ec000000)
  to   space 2560K, 0% used [0x00000000ebb00000,0x00000000ebb00000,0x00000000ebd80000)
 ParOldGen       total 44032K, used 3864K [0x00000000c0000000, 0x00000000c2b00000, 0x00000000eab00000)
  object space 44032K, 8% used [0x00000000c0000000,0x00000000c03c6248,0x00000000c2b00000)
 Metaspace       used 6112K, capacity 6936K, committed 7168K, reserved 1056768K
  class space    used 614K, capacity 656K, committed 768K, reserved 1048576K
}
Event: 42.799 GC heap before
{Heap before GC invocations=3 (full 0):
 PSYoungGen      total 18944K, used 18928K [0x00000000eab00000, 0x00000000ec000000, 0x0000000100000000)
  eden space 16384K, 100% used [0x00000000eab00000,0x00000000ebb00000,0x00000000ebb00000)
  from space 2560K, 99% used [0x00000000ebd80000,0x00000000ebffc1f8,0x00000000ec000000)
  to   space 2560K, 0% used [0x00000000ebb00000,0x00000000ebb00000,0x00000000ebd80000)
 ParOldGen       total 44032K, used 3864K [0x00000000c0000000, 0x00000000c2b00000, 0x00000000eab00000)
  object space 44032K, 8% used [0x00000000c0000000,0x00000000c03c6248,0x00000000c2b00000)
 Metaspace       used 6194K, capacity 7000K, committed 7168K, reserved 1056768K
  class space    used 615K, capacity 656K, committed 768K, reserved 1048576K
Event: 42.880 GC heap after
Heap after GC invocations=3 (full 0):
 PSYoungGen      total 18944K, used 2537K [0x00000000eab00000, 0x00000000ec000000, 0x0000000100000000)
  eden space 16384K, 0% used [0x00000000eab00000,0x00000000eab00000,0x00000000ebb00000)
  from space 2560K, 99% used [0x00000000ebb00000,0x00000000ebd7a598,0x00000000ebd80000)
  to   space 2560K, 0% used [0x00000000ebd80000,0x00000000ebd80000,0x00000000ec000000)
 ParOldGen       total 44032K, used 6643K [0x00000000c0000000, 0x00000000c2b00000, 0x00000000eab00000)
  object space 44032K, 15% used [0x00000000c0000000,0x00000000c067ce30,0x00000000c2b00000)
 Metaspace       used 6194K, capacity 7000K, committed 7168K, reserved 1056768K
  class space    used 615K, capacity 656K, committed 768K, reserved 1048576K
}

Deoptimization events (10 events):
Event: 41.878 Thread 0x0000000016d32800 Uncommon trap: reason=bimorphic action=maybe_recompile pc=0x00000000031a6b24 method=com.android.dx.cf.code.BytecodeArray.parseInstruction(ILcom/android/dx/cf/code/BytecodeArray$Visitor;)I @ 907
Event: 41.879 Thread 0x0000000016d32800 Uncommon trap: reason=bimorphic action=maybe_recompile pc=0x00000000031a6b24 method=com.android.dx.cf.code.BytecodeArray.parseInstruction(ILcom/android/dx/cf/code/BytecodeArray$Visitor;)I @ 907
Event: 42.788 Thread 0x0000000016d32800 Uncommon trap: reason=bimorphic action=maybe_recompile pc=0x00000000031f6dac method=com.android.dx.cf.code.BytecodeArray.parseInstruction(ILcom/android/dx/cf/code/BytecodeArray$Visitor;)I @ 1161
Event: 42.789 Thread 0x0000000016d32800 Uncommon trap: reason=bimorphic action=maybe_recompile pc=0x00000000031f6dac method=com.android.dx.cf.code.BytecodeArray.parseInstruction(ILcom/android/dx/cf/code/BytecodeArray$Visitor;)I @ 1161
Event: 43.918 Thread 0x0000000016e51800 Uncommon trap: reason=bimorphic action=maybe_recompile pc=0x0000000003231d80 method=com.android.dx.cf.code.BytecodeArray.parseInstruction(ILcom/android/dx/cf/code/BytecodeArray$Visitor;)I @ 1130
Event: 43.918 Thread 0x0000000016e51800 Uncommon trap: reason=class_check action=maybe_recompile pc=0x00000000032328ac method=com.android.dx.cf.code.BytecodeArray.parseInstruction(ILcom/android/dx/cf/code/BytecodeArray$Visitor;)I @ 2077
Event: 43.919 Thread 0x0000000016e51800 Uncommon trap: reason=bimorphic action=maybe_recompile pc=0x0000000003231d80 method=com.android.dx.cf.code.BytecodeArray.parseInstruction(ILcom/android/dx/cf/code/BytecodeArray$Visitor;)I @ 1130
Event: 43.933 Thread 0x0000000016d32800 Uncommon trap: reason=unstable_if action=reinterpret pc=0x0000000003002038 method=com.android.dx.ssa.SCCP.simulateStmt(Lcom/android/dx/ssa/SsaInsn;)V @ 59
Event: 43.933 Thread 0x0000000016d32800 Uncommon trap: reason=bimorphic action=maybe_recompile pc=0x000000000307ff48 method=com.android.dx.ssa.LiteralOpUpgrader.tryReplacingWithConstant(Lcom/android/dx/ssa/NormalSsaInsn;)Z @ 62
Event: 43.933 Thread 0x0000000016d32800 Uncommon trap: reason=unstable_if action=reinterpret pc=0x0000000002fd9f1c method=com.android.dx.ssa.SsaMethod.updateOneDefinition(Lcom/android/dx/ssa/SsaInsn;Lcom/android/dx/rop/code/RegisterSpec;)V @ 4

Internal exceptions (2 events):
Event: 2.501 Thread 0x0000000002ac1000 Exception <a 'java/lang/NoSuchMethodError': Method sun.misc.Unsafe.defineClass(Ljava/lang/String;[BII)Ljava/lang/Class; name or signature does not match> (0x00000000eab07ca8) thrown at [C:\re\workspace\8-2-build-windows-amd64-cygwin\jdk8u121\8372\hotspot\
Event: 2.501 Thread 0x0000000002ac1000 Exception <a 'java/lang/NoSuchMethodError': Method sun.misc.Unsafe.prefetchRead(Ljava/lang/Object;J)V name or signature does not match> (0x00000000eab07f90) thrown at [C:\re\workspace\8-2-build-windows-amd64-cygwin\jdk8u121\8372\hotspot\src\share\vm\prims

Events (10 events):
Event: 43.933 Thread 0x0000000016d32800 Uncommon trap: trap_request=0xffffff65 fr.pc=0x0000000003002038
Event: 43.933 Thread 0x0000000016d32800 DEOPT PACKING pc=0x0000000003002038 sp=0x00000000175eebf0
Event: 43.933 Thread 0x0000000016d32800 DEOPT UNPACKING pc=0x0000000002c0582a sp=0x00000000175eebb8 mode 2
Event: 43.933 Thread 0x0000000016d32800 Uncommon trap: trap_request=0xffffffc6 fr.pc=0x000000000307ff48
Event: 43.933 Thread 0x0000000016d32800 DEOPT PACKING pc=0x000000000307ff48 sp=0x00000000175eec00
Event: 43.933 Thread 0x0000000016d32800 DEOPT UNPACKING pc=0x0000000002c0582a sp=0x00000000175eead8 mode 2
Event: 43.933 Thread 0x0000000016d32800 Uncommon trap: trap_request=0xffffff65 fr.pc=0x0000000002fd9f1c
Event: 43.933 Thread 0x0000000016d32800 DEOPT PACKING pc=0x0000000002fd9f1c sp=0x00000000175ee9b0
Event: 43.933 Thread 0x0000000016d32800 DEOPT UNPACKING pc=0x0000000002c0582a sp=0x00000000175ee958 mode 2
Event: 43.983 Thread 0x00000000152b0000 flushing nmethod 0x0000000002cccd50


Dynamic libraries:
0x00007ff74caa0000 - 0x00007ff74cad7000 	C:\Program Files\Java\jdk1.8.0_121\bin\java.exe
0x00007ffb19c50000 - 0x00007ffb19e12000 	C:\Windows\SYSTEM32\ntdll.dll
0x00007ffb17320000 - 0x00007ffb173cd000 	C:\Windows\system32\KERNEL32.DLL
0x00007ffb16a50000 - 0x00007ffb16c2d000 	C:\Windows\system32\KERNELBASE.dll
0x00007ffb19230000 - 0x00007ffb192d6000 	C:\Windows\system32\ADVAPI32.dll
0x00007ffb19190000 - 0x00007ffb1922d000 	C:\Windows\system32\msvcrt.dll
0x00007ffb18b30000 - 0x00007ffb18b8b000 	C:\Windows\system32\sechost.dll
0x00007ffb19b20000 - 0x00007ffb19c46000 	C:\Windows\system32\RPCRT4.dll
0x00007ffb196d0000 - 0x00007ffb1981e000 	C:\Windows\system32\USER32.dll
0x00007ffb19450000 - 0x00007ffb195d5000 	C:\Windows\system32\GDI32.dll
0x00007ffb12530000 - 0x00007ffb127a4000 	C:\Windows\WinSxS\amd64_microsoft.windows.common-controls_6595b64144ccf1df_6.0.10240.16384_none_f41f7b285750ef43\COMCTL32.dll
0x00007ffb195e0000 - 0x00007ffb19616000 	C:\Windows\system32\IMM32.DLL
0x00007ffb192e0000 - 0x00007ffb1943c000 	C:\Windows\system32\MSCTF.dll
0x00007ffb16460000 - 0x00007ffb16491000 	C:\Windows\system32\nvinitx.dll
0x00007ffb16450000 - 0x00007ffb1645a000 	C:\Windows\SYSTEM32\VERSION.dll
0x00000000504d0000 - 0x00000000504d6000 	C:\Program Files\NVIDIA Corporation\CoProcManager\_etoured.dll
0x00007ffb14c50000 - 0x00007ffb14c83000 	C:\Program Files\NVIDIA Corporation\CoProcManager\nvd3d9wrapx.dll
0x00007ffb18b90000 - 0x00007ffb18d55000 	C:\Windows\system32\SETUPAPI.dll
0x00007ffb16830000 - 0x00007ffb16874000 	C:\Windows\system32\CFGMGR32.dll
0x00007ffb134a0000 - 0x00007ffb134c2000 	C:\Program Files\NVIDIA Corporation\CoProcManager\nvdxgiwrapx.dll
0x0000000075e10000 - 0x0000000075ee2000 	C:\Program Files\Java\jdk1.8.0_121\jre\bin\msvcr100.dll
0x0000000076bd0000 - 0x000000007746b000 	C:\Program Files\Java\jdk1.8.0_121\jre\bin\server\jvm.dll
0x00007ffb19820000 - 0x00007ffb19828000 	C:\Windows\system32\PSAPI.DLL
0x00007ffb129c0000 - 0x00007ffb129e3000 	C:\Windows\SYSTEM32\WINMM.dll
0x00007ffb127e0000 - 0x00007ffb1280c000 	C:\Windows\SYSTEM32\WINMMBASE.dll
0x00007ffb14f00000 - 0x00007ffb14f27000 	C:\Windows\SYSTEM32\DEVOBJ.dll
0x00007ffb06fa0000 - 0x00007ffb06fa9000 	C:\Windows\SYSTEM32\WSOCK32.dll
0x00007ffb18910000 - 0x00007ffb18979000 	C:\Windows\system32\WS2_32.dll
0x00007ffb19440000 - 0x00007ffb19448000 	C:\Windows\system32\NSI.dll
0x0000000050240000 - 0x000000005024f000 	C:\Program Files\Java\jdk1.8.0_121\jre\bin\verify.dll
0x0000000050210000 - 0x0000000050239000 	C:\Program Files\Java\jdk1.8.0_121\jre\bin\java.dll
0x00000000501f0000 - 0x0000000050206000 	C:\Program Files\Java\jdk1.8.0_121\jre\bin\zip.dll
0x00007ffb173d0000 - 0x00007ffb188f5000 	C:\Windows\system32\SHELL32.dll
0x00007ffb16c30000 - 0x00007ffb17258000 	C:\Windows\system32\windows.storage.dll
0x00007ffb18f10000 - 0x00007ffb1918c000 	C:\Windows\system32\combase.dll
0x00007ffb18ad0000 - 0x00007ffb18b21000 	C:\Windows\system32\shlwapi.dll
0x00007ffb16710000 - 0x00007ffb1671f000 	C:\Windows\system32\kernel.appcore.dll
0x00007ffb17260000 - 0x00007ffb17313000 	C:\Windows\system32\shcore.dll
0x00007ffb16680000 - 0x00007ffb166ca000 	C:\Windows\system32\powrprof.dll
0x00007ffb166f0000 - 0x00007ffb16703000 	C:\Windows\system32\profapi.dll

VM Arguments:
jvm_args: -Djava.awt.headless=true -Xmx1024M -Dfile.encoding=windows-1252 -Duser.country=US -Duser.language=en -Duser.variant 
java_command: com.android.dx.command.Main --dex --num-threads=4 --output G:\Freelance\CompanyProfile\app\build\intermediates\pre-dexed\debug\com.google.firebase-firebase-database-connection-10.0.1_4e808dbe66a849f24bcaf368b8a1c1bf8661bee7.jar G:\Freelance\CompanyProfile\app\build\intermediates\exploded-aar\com.google.firebase\firebase-database-connection\10.0.1\jars\classes.jar
java_class_path (initial): G:\andorid\android-sdk\build-tools\25.0.1\lib\dx.jar
Launcher Type: SUN_STANDARD

Environment Variables:
JAVA_HOME=C:\Program Files\Java\jdk1.8.0_121
PATH=C:\ProgramData\Oracle\Java\javapath;C:\Program Files\Java\jdk1.8.0_31\bin;C:\Program Files\Java\jdk1.8.0_31\lib\tools.jar;C:\Windows\System32;C:\Program Files\nodejs\;C:\Program Files\Git\cmd;C:\Program Files\Git\mingw64\bin;C:\Program Files\Git\usr\bin;C:\Program Files (x86)\Common Files\lenovo\easyplussdk\bin;F:\pro\mat\runtime\win64;F:\pro\mat\bin;C:\Users\m7mD\AppData\Roaming\npm
USERNAME=m7mD
OS=Windows_NT
PROCESSOR_IDENTIFIER=Intel64 Family 6 Model 42 Stepping 7, GenuineIntel



---------------  S Y S T E M  ---------------

OS: Windows 10.0 , 64 bit Build 10240 (10.0.10240.16384)

CPU:total 4 (2 cores per cpu, 2 threads per core) family 6 model 42 stepping 7, cmov, cx8, fxsr, mmx, sse, sse2, sse3, ssse3, sse4.1, sse4.2, popcnt, avx, aes, clmul, ht, tsc, tscinvbit

Memory: 4k page, physical 4099244k(17220k free), swap 6314428k(11696k free)

vm_info: Java HotSpot(TM) 64-Bit Server VM (25.121-b13) for windows-amd64 JRE (1.8.0_121-b13), built on Dec 12 2016 18:21:36 by "java_re" with MS VC++ 10.0 (VS2010)

time: Tue Nov 28 23:46:08 2017
elapsed time: 47 seconds (0d 0h 0m 47s)

